Log file open, 08/29/21 18:04:05
LogWindows: Failed to load 'aqProf.dll' (GetLastError=126)
LogWindows: File 'aqProf.dll' does not exist
LogWindows: Failed to load 'VtuneApi.dll' (GetLastError=126)
LogWindows: File 'VtuneApi.dll' does not exist
LogWindows: Failed to load 'VtuneApi32e.dll' (GetLastError=126)
LogWindows: File 'VtuneApi32e.dll' does not exist
LogConsoleResponse: Display: Failed to find resolution value strings in scalability ini. Falling back to default.
LogInit: Display: Running engine for game: JanghoWorld
LogPlatformFile: Not using cached read wrapper
LogTaskGraph: Started task graph with 5 named threads and 14 total threads with 3 sets of task threads.
LogStats: Stats thread started at 0.076952
LogD3D11RHI: Loaded GFSDK_Aftermath_Lib.x64.dll
LogICUInternationalization: ICU TimeZone Detection - Raw Offset: +9:00, Platform Override: ''
LogPluginManager: Mounting plugin Paper2D
LogPluginManager: Mounting plugin AISupport
LogPluginManager: Mounting plugin LightPropagationVolume
LogPluginManager: Mounting plugin ActorLayerUtilities
LogPluginManager: Mounting plugin AnimationSharing
LogPluginManager: Mounting plugin CLionSourceCodeAccess
LogPluginManager: Mounting plugin CodeLiteSourceCodeAccess
LogPluginManager: Mounting plugin GitSourceControl
LogPluginManager: Mounting plugin KDevelopSourceCodeAccess
LogPluginManager: Mounting plugin NullSourceCodeAccess
LogPluginManager: Mounting plugin PerforceSourceControl
LogPluginManager: Mounting plugin SubversionSourceControl
LogPluginManager: Mounting plugin UObjectPlugin
LogPluginManager: Mounting plugin VisualStudioCodeSourceCodeAccess
LogPluginManager: Mounting plugin VisualStudioSourceCodeAccess
LogPluginManager: Mounting plugin XCodeSourceCodeAccess
LogPluginManager: Mounting plugin AssetManagerEditor
LogPluginManager: Mounting plugin CryptoKeys
LogPluginManager: Mounting plugin CurveEditorTools
LogPluginManager: Mounting plugin DataValidation
LogPluginManager: Mounting plugin EditorScriptingUtilities
LogPluginManager: Mounting plugin FacialAnimation
LogPluginManager: Mounting plugin GameplayTagsEditor
LogPluginManager: Mounting plugin GLTFImporter
LogPluginManager: Mounting plugin MacGraphicsSwitching
LogPluginManager: Mounting plugin MaterialAnalyzer
LogPluginManager: Mounting plugin MeshEditor
LogPluginManager: Mounting plugin MobileLauncherProfileWizard
LogPluginManager: Mounting plugin PluginBrowser
LogPluginManager: Mounting plugin SpeedTreeImporter
LogPluginManager: Mounting plugin DatasmithContent
LogPluginManager: Mounting plugin VariantManagerContent
LogPluginManager: Mounting plugin AlembicImporter
LogPluginManager: Mounting plugin AutomationUtils
LogPluginManager: Mounting plugin BackChannel
LogPluginManager: Mounting plugin BlastPlugin
LogPluginManager: Mounting plugin ChaosSolverPlugin
LogPluginManager: Mounting plugin CharacterAI
LogPluginManager: Mounting plugin DataPrepEditor
LogPluginManager: Mounting plugin GeometryCache
LogPluginManager: Mounting plugin GeometryCollectionPlugin
LogPluginManager: Mounting plugin HTML5Networking
LogPluginManager: Mounting plugin PlatformCrypto
LogPluginManager: Mounting plugin ProxyLODPlugin
LogPluginManager: Mounting plugin SkeletalReduction
LogPluginManager: Mounting plugin MagicLeap
LogPluginManager: Mounting plugin MagicLeapMedia
LogPluginManager: Mounting plugin AndroidMedia
LogPluginManager: Mounting plugin AvfMedia
LogPluginManager: Mounting plugin ImgMedia
LogPluginManager: Mounting plugin MediaCompositing
LogPluginManager: Mounting plugin MediaPlayerEditor
LogPluginManager: Mounting plugin WebMMedia
LogPluginManager: Mounting plugin WmfMedia
LogPluginManager: Mounting plugin TcpMessaging
LogPluginManager: Mounting plugin UdpMessaging
LogPluginManager: Mounting plugin ActorSequence
LogPluginManager: Mounting plugin LevelSequenceEditor
LogPluginManager: Mounting plugin MatineeToLevelSequence
LogPluginManager: Mounting plugin NetcodeUnitTest
LogPluginManager: Mounting plugin NUTUnrealEngine4
LogPluginManager: Mounting plugin OnlineSubsystemGooglePlay
LogPluginManager: Mounting plugin OnlineSubsystemIOS
LogPluginManager: Mounting plugin OnlineSubsystem
LogPluginManager: Mounting plugin OnlineSubsystemNull
LogPluginManager: Mounting plugin OnlineSubsystemUtils
LogPluginManager: Mounting plugin LauncherChunkInstaller
LogPluginManager: Mounting plugin AndroidDeviceProfileSelector
LogPluginManager: Mounting plugin AndroidMoviePlayer
LogPluginManager: Mounting plugin AndroidPermission
LogPluginManager: Mounting plugin AppleImageUtils
LogPluginManager: Mounting plugin AppleMoviePlayer
LogPluginManager: Mounting plugin ArchVisCharacter
LogPluginManager: Mounting plugin AudioCapture
LogPluginManager: Mounting plugin CableComponent
LogPluginManager: Mounting plugin CustomMeshComponent
LogPluginManager: Mounting plugin EditableMesh
LogPluginManager: Mounting plugin ExampleDeviceProfileSelector
LogPluginManager: Mounting plugin GoogleCloudMessaging
LogPluginManager: Mounting plugin IOSDeviceProfileSelector
LogPluginManager: Mounting plugin LinuxDeviceProfileSelector
LogPluginManager: Mounting plugin LocationServicesBPLibrary
LogPluginManager: Mounting plugin MobilePatchingUtils
LogPluginManager: Mounting plugin OculusVR
LogPluginManager: Mounting plugin PhysXVehicles
LogPluginManager: Mounting plugin ProceduralMeshComponent
LogPluginManager: Mounting plugin RuntimePhysXCooking
LogPluginManager: Mounting plugin SignificanceManager
LogPluginManager: Mounting plugin SteamVR
LogPluginManager: Mounting plugin WebMMoviePlayer
LogPluginManager: Mounting plugin WindowsMoviePlayer
LogPluginManager: Mounting plugin ScreenshotTools
LogPluginManager: Mounting plugin DatasmithC4DImporter
LogPluginManager: Mounting plugin DatasmithCADImporter
LogPluginManager: Mounting plugin DatasmithFBXImporter
LogPluginManager: Mounting plugin DatasmithGLTFImporter
LogPluginManager: Mounting plugin DatasmithIFCImporter
LogPluginManager: Mounting plugin DatasmithImporter
LogPluginManager: Mounting plugin MDLImporter
LogPluginManager: Mounting plugin StaticMeshEditorExtension
LogPluginManager: Mounting plugin VariantManager
LogInit: Using libcurl 7.55.1-DEV
LogInit:  - built for x86_64-pc-win32
LogInit:  - supports SSL with OpenSSL/1.1.1
LogInit:  - supports HTTP deflate (compression) using libz 1.2.8
LogInit:  - other features:
LogInit:      CURL_VERSION_SSL
LogInit:      CURL_VERSION_LIBZ
LogInit:      CURL_VERSION_IPV6
LogInit:      CURL_VERSION_ASYNCHDNS
LogInit:      CURL_VERSION_LARGEFILE
LogInit:      CURL_VERSION_IDN
LogInit:  CurlRequestOptions (configurable via config and command line):
LogInit:  - bVerifyPeer = true  - Libcurl will verify peer certificate
LogInit:  - bUseHttpProxy = false  - Libcurl will NOT use HTTP proxy
LogInit:  - bDontReuseConnections = false  - Libcurl will reuse connections
LogInit:  - MaxHostConnections = 16  - Libcurl will limit the number of connections to a host
LogInit:  - LocalHostAddr = Default
LogInit:  - BufferSize = 65536
LogOnline: OSS: Creating online subsystem instance for: NULL
LogInit: WinSock: version 1.1 (2.2), MaxSocks=32767, MaxUdp=65467
LogInit: Build: ++UE4+Release-4.23-CL-9631420
LogInit: Engine Version: 4.23.1-9631420+++UE4+Release-4.23
LogInit: Compatible Engine Version: 4.23.0-8386587+++UE4+Release-4.23
LogInit: Net CL: 8386587
LogInit: OS: Windows 10 (Release 2009) (), CPU: Intel(R) Core(TM) i3-8100 CPU @ 3.60GHz, GPU: Intel(R) UHD Graphics 630
LogInit: Compiled (64-bit): Oct 18 2019 02:07:44
LogInit: Compiled with Visual C++: 19.16.27030.01
LogInit: Build Configuration: Development
LogInit: Branch Name: ++UE4+Release-4.23
LogInit: Command Line: 
LogInit: Base Directory: C:/Program Files/Epic Games/UE_4.23/Engine/Binaries/Win64/
LogInit: Installed Engine Build: 1
LogDevObjectVersion: Number of dev versions registered: 23
LogDevObjectVersion:   Dev-Blueprints (B0D832E4-1F89-4F0D-ACCF-7EB736FD4AA2): 10
LogDevObjectVersion:   Dev-Build (E1C64328-A22C-4D53-A36C-8E866417BD8C): 0
LogDevObjectVersion:   Dev-Core (375EC13C-06E4-48FB-B500-84F0262A717E): 3
LogDevObjectVersion:   Dev-Editor (E4B068ED-F494-42E9-A231-DA0B2E46BB41): 34
LogDevObjectVersion:   Dev-Framework (CFFC743F-43B0-4480-9391-14DF171D2073): 35
LogDevObjectVersion:   Dev-Mobile (B02B49B5-BB20-44E9-A304-32B752E40360): 2
LogDevObjectVersion:   Dev-Networking (A4E4105C-59A1-49B5-A7C5-40C4547EDFEE): 0
LogDevObjectVersion:   Dev-Online (39C831C9-5AE6-47DC-9A44-9C173E1C8E7C): 0
LogDevObjectVersion:   Dev-Physics (78F01B33-EBEA-4F98-B9B4-84EACCB95AA2): 0
LogDevObjectVersion:   Dev-Platform (6631380F-2D4D-43E0-8009-CF276956A95A): 0
LogDevObjectVersion:   Dev-Rendering (12F88B9F-8875-4AFC-A67C-D90C383ABD29): 31
LogDevObjectVersion:   Dev-Sequencer (7B5AE74C-D270-4C10-A958-57980B212A5A): 11
LogDevObjectVersion:   Dev-VR (D7296918-1DD6-4BDD-9DE2-64A83CC13884): 2
LogDevObjectVersion:   Dev-LoadTimes (C2A15278-BFE7-4AFE-6C17-90FF531DF755): 1
LogDevObjectVersion:   Private-Geometry (6EACA3D4-40EC-4CC1-B786-8BED09428FC5): 3
LogDevObjectVersion:   Dev-AnimPhys (29E575DD-E0A3-4627-9D10-D276232CDCEA): 17
LogDevObjectVersion:   Dev-Anim (AF43A65D-7FD3-4947-9873-3E8ED9C1BB05): 2
LogDevObjectVersion:   Dev-ReflectionCapture (6B266CEC-1EC7-4B8F-A30B-E4D90942FC07): 1
LogDevObjectVersion:   Dev-Automation (0DF73D61-A23F-47EA-B727-89E90C41499A): 1
LogDevObjectVersion:   FortniteMain (601D1886-AC64-4F84-AA16-D3DE0DEAC7D6): 27
LogDevObjectVersion:   Dev-Enterprise (9DFFBCD6-494F-0158-E221-12823C92A888): 6
LogDevObjectVersion:   Dev-Niagara (F2AED0AC-9AFE-416F-8664-AA7FFA26D6FC): 1
LogDevObjectVersion:   Dev-Destruction (174F1F0B-B4C6-45A5-B13F-2EE8D0FB917D): 9
LogInit: Presizing for max 16777216 objects, including 0 objects not considered by GC, pre-allocating 0 bytes for permanent pool.
LogInit: Object subsystem initialized
LogConfig: Setting CVar [[con.DebugEarlyDefault:1]]
LogConfig: Setting CVar [[r.setres:1280x720]]
[2021.08.29-09.04.05:730][  0]LogConfig: Setting CVar [[r.VSync:0]]
[2021.08.29-09.04.05:730][  0]LogConfig: Setting CVar [[r.RHICmdBypass:0]]
[2021.08.29-09.04.05:730][  0]LogConfig: Applying CVar settings from Section [/Script/Engine.RendererSettings] File [D:/Unreal_IOCP/JanghoWorld/Saved/Config/Windows/Engine.ini]
[2021.08.29-09.04.05:730][  0]LogConfig: Setting CVar [[r.GPUCrashDebugging:0]]
[2021.08.29-09.04.05:731][  0]LogConfig: Applying CVar settings from Section [/Script/Engine.RendererOverrideSettings] File [D:/Unreal_IOCP/JanghoWorld/Saved/Config/Windows/Engine.ini]
[2021.08.29-09.04.05:731][  0]LogConfig: Applying CVar settings from Section [/Script/Engine.StreamingSettings] File [D:/Unreal_IOCP/JanghoWorld/Saved/Config/Windows/Engine.ini]
[2021.08.29-09.04.05:731][  0]LogConfig: Setting CVar [[s.MinBulkDataSizeForAsyncLoading:131072]]
[2021.08.29-09.04.05:731][  0]LogConfig: Setting CVar [[s.AsyncLoadingThreadEnabled:0]]
[2021.08.29-09.04.05:731][  0]LogConfig: Setting CVar [[s.EventDrivenLoaderEnabled:1]]
[2021.08.29-09.04.05:731][  0]LogConfig: Setting CVar [[s.WarnIfTimeLimitExceeded:0]]
[2021.08.29-09.04.05:731][  0]LogConfig: Setting CVar [[s.TimeLimitExceededMultiplier:1.5]]
[2021.08.29-09.04.05:731][  0]LogConfig: Setting CVar [[s.TimeLimitExceededMinTime:0.005]]
[2021.08.29-09.04.05:731][  0]LogConfig: Setting CVar [[s.UseBackgroundLevelStreaming:1]]
[2021.08.29-09.04.05:731][  0]LogConfig: Setting CVar [[s.PriorityAsyncLoadingExtraTime:15.0]]
[2021.08.29-09.04.05:731][  0]LogConfig: Setting CVar [[s.LevelStreamingActorsUpdateTimeLimit:5.0]]
[2021.08.29-09.04.05:731][  0]LogConfig: Setting CVar [[s.PriorityLevelStreamingActorsUpdateExtraTime:5.0]]
[2021.08.29-09.04.05:731][  0]LogConfig: Setting CVar [[s.LevelStreamingComponentsRegistrationGranularity:10]]
[2021.08.29-09.04.05:731][  0]LogConfig: Setting CVar [[s.UnregisterComponentsTimeLimit:1.0]]
[2021.08.29-09.04.05:731][  0]LogConfig: Setting CVar [[s.LevelStreamingComponentsUnregistrationGranularity:5]]
[2021.08.29-09.04.05:731][  0]LogConfig: Applying CVar settings from Section [/Script/Engine.GarbageCollectionSettings] File [D:/Unreal_IOCP/JanghoWorld/Saved/Config/Windows/Engine.ini]
[2021.08.29-09.04.05:731][  0]LogConfig: Setting CVar [[gc.MaxObjectsNotConsideredByGC:1]]
[2021.08.29-09.04.05:731][  0]LogConfig: Setting CVar [[gc.SizeOfPermanentObjectPool:0]]
[2021.08.29-09.04.05:731][  0]LogConfig: Setting CVar [[gc.FlushStreamingOnGC:0]]
[2021.08.29-09.04.05:731][  0]LogConfig: Setting CVar [[gc.NumRetriesBeforeForcingGC:10]]
[2021.08.29-09.04.05:731][  0]LogConfig: Setting CVar [[gc.AllowParallelGC:1]]
[2021.08.29-09.04.05:731][  0]LogConfig: Setting CVar [[gc.TimeBetweenPurgingPendingKillObjects:61.1]]
[2021.08.29-09.04.05:731][  0]LogConfig: Setting CVar [[gc.MaxObjectsInEditor:16777216]]
[2021.08.29-09.04.05:731][  0]LogConfig: Setting CVar [[gc.IncrementalBeginDestroyEnabled:1]]
[2021.08.29-09.04.05:731][  0]LogConfig: Setting CVar [[gc.CreateGCClusters:1]]
[2021.08.29-09.04.05:731][  0]LogConfig: Setting CVar [[gc.MinGCClusterSize:5]]
[2021.08.29-09.04.05:731][  0]LogConfig: Setting CVar [[gc.ActorClusteringEnabled:0]]
[2021.08.29-09.04.05:731][  0]LogConfig: Setting CVar [[gc.BlueprintClusteringEnabled:0]]
[2021.08.29-09.04.05:731][  0]LogConfig: Setting CVar [[gc.UseDisregardForGCOnDedicatedServers:0]]
[2021.08.29-09.04.05:731][  0]LogConfig: Applying CVar settings from Section [/Script/Engine.NetworkSettings] File [D:/Unreal_IOCP/JanghoWorld/Saved/Config/Windows/Engine.ini]
[2021.08.29-09.04.05:731][  0]LogConfig: Applying CVar settings from Section [/Script/UnrealEd.CookerSettings] File [D:/Unreal_IOCP/JanghoWorld/Saved/Config/Windows/Engine.ini]
[2021.08.29-09.04.05:740][  0]LogConfig: Applying CVar settings from Section [ViewDistanceQuality@3] File [D:/Unreal_IOCP/JanghoWorld/Saved/Config/Windows/Scalability.ini]
[2021.08.29-09.04.05:741][  0]LogConfig: Setting CVar [[r.SkeletalMeshLODBias:0]]
[2021.08.29-09.04.05:741][  0]LogConfig: Setting CVar [[r.ViewDistanceScale:1.0]]
[2021.08.29-09.04.05:741][  0]LogConfig: Applying CVar settings from Section [AntiAliasingQuality@3] File [D:/Unreal_IOCP/JanghoWorld/Saved/Config/Windows/Scalability.ini]
[2021.08.29-09.04.05:741][  0]LogConfig: Setting CVar [[r.PostProcessAAQuality:4]]
[2021.08.29-09.04.05:741][  0]LogConfig: Applying CVar settings from Section [ShadowQuality@3] File [D:/Unreal_IOCP/JanghoWorld/Saved/Config/Windows/Scalability.ini]
[2021.08.29-09.04.05:741][  0]LogConfig: Setting CVar [[r.LightFunctionQuality:1]]
[2021.08.29-09.04.05:741][  0]LogConfig: Setting CVar [[r.ShadowQuality:5]]
[2021.08.29-09.04.05:741][  0]LogConfig: Setting CVar [[r.Shadow.CSM.MaxCascades:10]]
[2021.08.29-09.04.05:741][  0]LogConfig: Setting CVar [[r.Shadow.MaxResolution:2048]]
[2021.08.29-09.04.05:741][  0]LogConfig: Setting CVar [[r.Shadow.MaxCSMResolution:2048]]
[2021.08.29-09.04.05:741][  0]LogConfig: Setting CVar [[r.Shadow.RadiusThreshold:0.01]]
[2021.08.29-09.04.05:741][  0]LogConfig: Setting CVar [[r.Shadow.DistanceScale:1.0]]
[2021.08.29-09.04.05:741][  0]LogConfig: Setting CVar [[r.Shadow.CSM.TransitionScale:1.0]]
[2021.08.29-09.04.05:741][  0]LogConfig: Setting CVar [[r.Shadow.PreShadowResolutionFactor:1.0]]
[2021.08.29-09.04.05:741][  0]LogConfig: Setting CVar [[r.DistanceFieldShadowing:1]]
[2021.08.29-09.04.05:741][  0]LogConfig: Setting CVar [[r.DistanceFieldAO:1]]
[2021.08.29-09.04.05:741][  0]LogConfig: Setting CVar [[r.AOQuality:2]]
[2021.08.29-09.04.05:741][  0]LogConfig: Setting CVar [[r.VolumetricFog:1]]
[2021.08.29-09.04.05:741][  0]LogConfig: Setting CVar [[r.VolumetricFog.GridPixelSize:8]]
[2021.08.29-09.04.05:741][  0]LogConfig: Setting CVar [[r.VolumetricFog.GridSizeZ:128]]
[2021.08.29-09.04.05:741][  0]LogConfig: Setting CVar [[r.VolumetricFog.HistoryMissSupersampleCount:4]]
[2021.08.29-09.04.05:741][  0]LogConfig: Setting CVar [[r.LightMaxDrawDistanceScale:1]]
[2021.08.29-09.04.05:741][  0]LogConfig: Setting CVar [[r.CapsuleShadows:1]]
[2021.08.29-09.04.05:741][  0]LogConfig: Applying CVar settings from Section [PostProcessQuality@3] File [D:/Unreal_IOCP/JanghoWorld/Saved/Config/Windows/Scalability.ini]
[2021.08.29-09.04.05:741][  0]LogConfig: Setting CVar [[r.MotionBlurQuality:4]]
[2021.08.29-09.04.05:741][  0]LogConfig: Setting CVar [[r.AmbientOcclusionMipLevelFactor:0.4]]
[2021.08.29-09.04.05:741][  0]LogConfig: Setting CVar [[r.AmbientOcclusionMaxQuality:100]]
[2021.08.29-09.04.05:741][  0]LogConfig: Setting CVar [[r.AmbientOcclusionLevels:-1]]
[2021.08.29-09.04.05:741][  0]LogConfig: Setting CVar [[r.AmbientOcclusionRadiusScale:1.0]]
[2021.08.29-09.04.05:741][  0]LogConfig: Setting CVar [[r.DepthOfFieldQuality:2]]
[2021.08.29-09.04.05:741][  0]LogConfig: Setting CVar [[r.RenderTargetPoolMin:400]]
[2021.08.29-09.04.05:741][  0]LogConfig: Setting CVar [[r.LensFlareQuality:2]]
[2021.08.29-09.04.05:741][  0]LogConfig: Setting CVar [[r.SceneColorFringeQuality:1]]
[2021.08.29-09.04.05:741][  0]LogConfig: Setting CVar [[r.EyeAdaptationQuality:2]]
[2021.08.29-09.04.05:741][  0]LogConfig: Setting CVar [[r.BloomQuality:5]]
[2021.08.29-09.04.05:741][  0]LogConfig: Setting CVar [[r.FastBlurThreshold:100]]
[2021.08.29-09.04.05:741][  0]LogConfig: Setting CVar [[r.Upscale.Quality:3]]
[2021.08.29-09.04.05:741][  0]LogConfig: Setting CVar [[r.Tonemapper.GrainQuantization:1]]
[2021.08.29-09.04.05:741][  0]LogConfig: Setting CVar [[r.LightShaftQuality:1]]
[2021.08.29-09.04.05:741][  0]LogConfig: Setting CVar [[r.Filter.SizeScale:1]]
[2021.08.29-09.04.05:741][  0]LogConfig: Setting CVar [[r.Tonemapper.Quality:5]]
[2021.08.29-09.04.05:741][  0]LogConfig: Setting CVar [[r.DOF.Gather.AccumulatorQuality:1        ; higher gathering accumulator quality]]
[2021.08.29-09.04.05:741][  0]LogConfig: Setting CVar [[r.DOF.Gather.PostfilterMethod:1          ; Median3x3 postfilering method]]
[2021.08.29-09.04.05:741][  0]LogConfig: Setting CVar [[r.DOF.Gather.EnableBokehSettings:0       ; no bokeh simulation when gathering]]
[2021.08.29-09.04.05:741][  0]LogConfig: Setting CVar [[r.DOF.Gather.RingCount:4                 ; medium number of samples when gathering]]
[2021.08.29-09.04.05:741][  0]LogConfig: Setting CVar [[r.DOF.Scatter.ForegroundCompositing:1    ; additive foreground scattering]]
[2021.08.29-09.04.05:741][  0]LogConfig: Setting CVar [[r.DOF.Scatter.BackgroundCompositing:2    ; additive background scattering]]
[2021.08.29-09.04.05:741][  0]LogConfig: Setting CVar [[r.DOF.Scatter.EnableBokehSettings:1      ; bokeh simulation when scattering]]
[2021.08.29-09.04.05:741][  0]LogConfig: Setting CVar [[r.DOF.Scatter.MaxSpriteRatio:0.1         ; only a maximum of 10% of scattered bokeh]]
[2021.08.29-09.04.05:741][  0]LogConfig: Setting CVar [[r.DOF.Recombine.Quality:1                ; cheap slight out of focus]]
[2021.08.29-09.04.05:741][  0]LogConfig: Setting CVar [[r.DOF.Recombine.EnableBokehSettings:0    ; no bokeh simulation on slight out of focus]]
[2021.08.29-09.04.05:741][  0]LogConfig: Setting CVar [[r.DOF.TemporalAAQuality:1                ; more stable temporal accumulation]]
[2021.08.29-09.04.05:741][  0]LogConfig: Setting CVar [[r.DOF.Kernel.MaxForegroundRadius:0.025]]
[2021.08.29-09.04.05:741][  0]LogConfig: Setting CVar [[r.DOF.Kernel.MaxBackgroundRadius:0.025]]
[2021.08.29-09.04.05:741][  0]LogConfig: Applying CVar settings from Section [TextureQuality@3] File [D:/Unreal_IOCP/JanghoWorld/Saved/Config/Windows/Scalability.ini]
[2021.08.29-09.04.05:741][  0]LogConfig: Setting CVar [[r.Streaming.MipBias:0]]
[2021.08.29-09.04.05:741][  0]LogConfig: Setting CVar [[r.Streaming.AmortizeCPUToGPUCopy:0]]
[2021.08.29-09.04.05:741][  0]LogConfig: Setting CVar [[r.Streaming.MaxNumTexturesToStreamPerFrame:0]]
[2021.08.29-09.04.05:741][  0]LogConfig: Setting CVar [[r.Streaming.Boost:1]]
[2021.08.29-09.04.05:741][  0]LogConfig: Setting CVar [[r.MaxAnisotropy:8]]
[2021.08.29-09.04.05:741][  0]LogConfig: Setting CVar [[r.Streaming.LimitPoolSizeToVRAM:0]]
[2021.08.29-09.04.05:741][  0]LogConfig: Setting CVar [[r.Streaming.PoolSize:1000]]
[2021.08.29-09.04.05:741][  0]LogConfig: Setting CVar [[r.Streaming.MaxEffectiveScreenSize:0]]
[2021.08.29-09.04.05:741][  0]LogConfig: Applying CVar settings from Section [EffectsQuality@3] File [D:/Unreal_IOCP/JanghoWorld/Saved/Config/Windows/Scalability.ini]
[2021.08.29-09.04.05:741][  0]LogConfig: Setting CVar [[r.TranslucencyLightingVolumeDim:64]]
[2021.08.29-09.04.05:741][  0]LogConfig: Setting CVar [[r.RefractionQuality:2]]
[2021.08.29-09.04.05:741][  0]LogConfig: Setting CVar [[r.SSR.Quality:3]]
[2021.08.29-09.04.05:741][  0]LogConfig: Setting CVar [[r.SceneColorFormat:4]]
[2021.08.29-09.04.05:741][  0]LogConfig: Setting CVar [[r.DetailMode:2]]
[2021.08.29-09.04.05:741][  0]LogConfig: Setting CVar [[r.TranslucencyVolumeBlur:1]]
[2021.08.29-09.04.05:741][  0]LogConfig: Setting CVar [[r.MaterialQualityLevel:1 ; High quality]]
[2021.08.29-09.04.05:741][  0]LogConfig: Setting CVar [[r.SSS.Scale:1]]
[2021.08.29-09.04.05:741][  0]LogConfig: Setting CVar [[r.SSS.SampleSet:2]]
[2021.08.29-09.04.05:741][  0]LogConfig: Setting CVar [[r.SSS.Quality:1]]
[2021.08.29-09.04.05:741][  0]LogConfig: Setting CVar [[r.SSS.HalfRes:1]]
[2021.08.29-09.04.05:741][  0]LogConfig: Setting CVar [[r.EmitterSpawnRateScale:1.0]]
[2021.08.29-09.04.05:742][  0]LogConfig: Setting CVar [[r.ParticleLightQuality:2]]
[2021.08.29-09.04.05:742][  0]LogConfig: Applying CVar settings from Section [FoliageQuality@3] File [D:/Unreal_IOCP/JanghoWorld/Saved/Config/Windows/Scalability.ini]
[2021.08.29-09.04.05:742][  0]LogConfig: Setting CVar [[foliage.DensityScale:1.0]]
[2021.08.29-09.04.05:742][  0]LogConfig: Setting CVar [[grass.DensityScale:1.0]]
[2021.08.29-09.04.05:742][  0]LogInit: Selected Device Profile: [Windows]
[2021.08.29-09.04.05:742][  0]LogInit: Applying CVar settings loaded from the selected device profile: [Windows]
[2021.08.29-09.04.05:745][  0]LogHAL: Display: Platform has ~ 8 GB [8470728704 / 8589934592 / 8], which maps to Default [LargestMinGB=32, LargerMinGB=12, DefaultMinGB=8, SmallerMinGB=6, SmallestMinGB=0)
[2021.08.29-09.04.05:745][  0]LogInit: Going up to parent DeviceProfile []
[2021.08.29-09.04.05:745][  0]LogConfig: Applying CVar settings from Section [ViewDistanceQuality@3] File [D:/Unreal_IOCP/JanghoWorld/Saved/Config/Windows/Scalability.ini]
[2021.08.29-09.04.05:745][  0]LogConfig: Setting CVar [[r.SkeletalMeshLODBias:0]]
[2021.08.29-09.04.05:745][  0]LogConfig: Setting CVar [[r.ViewDistanceScale:1.0]]
[2021.08.29-09.04.05:745][  0]LogConfig: Applying CVar settings from Section [AntiAliasingQuality@3] File [D:/Unreal_IOCP/JanghoWorld/Saved/Config/Windows/Scalability.ini]
[2021.08.29-09.04.05:745][  0]LogConfig: Setting CVar [[r.PostProcessAAQuality:4]]
[2021.08.29-09.04.05:745][  0]LogConfig: Applying CVar settings from Section [ShadowQuality@3] File [D:/Unreal_IOCP/JanghoWorld/Saved/Config/Windows/Scalability.ini]
[2021.08.29-09.04.05:745][  0]LogConfig: Setting CVar [[r.LightFunctionQuality:1]]
[2021.08.29-09.04.05:745][  0]LogConfig: Setting CVar [[r.ShadowQuality:5]]
[2021.08.29-09.04.05:745][  0]LogConfig: Setting CVar [[r.Shadow.CSM.MaxCascades:10]]
[2021.08.29-09.04.05:745][  0]LogConfig: Setting CVar [[r.Shadow.MaxResolution:2048]]
[2021.08.29-09.04.05:745][  0]LogConfig: Setting CVar [[r.Shadow.MaxCSMResolution:2048]]
[2021.08.29-09.04.05:745][  0]LogConfig: Setting CVar [[r.Shadow.RadiusThreshold:0.01]]
[2021.08.29-09.04.05:745][  0]LogConfig: Setting CVar [[r.Shadow.DistanceScale:1.0]]
[2021.08.29-09.04.05:745][  0]LogConfig: Setting CVar [[r.Shadow.CSM.TransitionScale:1.0]]
[2021.08.29-09.04.05:745][  0]LogConfig: Setting CVar [[r.Shadow.PreShadowResolutionFactor:1.0]]
[2021.08.29-09.04.05:745][  0]LogConfig: Setting CVar [[r.DistanceFieldShadowing:1]]
[2021.08.29-09.04.05:745][  0]LogConfig: Setting CVar [[r.DistanceFieldAO:1]]
[2021.08.29-09.04.05:745][  0]LogConfig: Setting CVar [[r.AOQuality:2]]
[2021.08.29-09.04.05:745][  0]LogConfig: Setting CVar [[r.VolumetricFog:1]]
[2021.08.29-09.04.05:745][  0]LogConfig: Setting CVar [[r.VolumetricFog.GridPixelSize:8]]
[2021.08.29-09.04.05:745][  0]LogConfig: Setting CVar [[r.VolumetricFog.GridSizeZ:128]]
[2021.08.29-09.04.05:745][  0]LogConfig: Setting CVar [[r.VolumetricFog.HistoryMissSupersampleCount:4]]
[2021.08.29-09.04.05:745][  0]LogConfig: Setting CVar [[r.LightMaxDrawDistanceScale:1]]
[2021.08.29-09.04.05:745][  0]LogConfig: Setting CVar [[r.CapsuleShadows:1]]
[2021.08.29-09.04.05:745][  0]LogConfig: Applying CVar settings from Section [PostProcessQuality@3] File [D:/Unreal_IOCP/JanghoWorld/Saved/Config/Windows/Scalability.ini]
[2021.08.29-09.04.05:745][  0]LogConfig: Setting CVar [[r.MotionBlurQuality:4]]
[2021.08.29-09.04.05:745][  0]LogConfig: Setting CVar [[r.AmbientOcclusionMipLevelFactor:0.4]]
[2021.08.29-09.04.05:745][  0]LogConfig: Setting CVar [[r.AmbientOcclusionMaxQuality:100]]
[2021.08.29-09.04.05:745][  0]LogConfig: Setting CVar [[r.AmbientOcclusionLevels:-1]]
[2021.08.29-09.04.05:745][  0]LogConfig: Setting CVar [[r.AmbientOcclusionRadiusScale:1.0]]
[2021.08.29-09.04.05:745][  0]LogConfig: Setting CVar [[r.DepthOfFieldQuality:2]]
[2021.08.29-09.04.05:745][  0]LogConfig: Setting CVar [[r.RenderTargetPoolMin:400]]
[2021.08.29-09.04.05:745][  0]LogConfig: Setting CVar [[r.LensFlareQuality:2]]
[2021.08.29-09.04.05:745][  0]LogConfig: Setting CVar [[r.SceneColorFringeQuality:1]]
[2021.08.29-09.04.05:745][  0]LogConfig: Setting CVar [[r.EyeAdaptationQuality:2]]
[2021.08.29-09.04.05:745][  0]LogConfig: Setting CVar [[r.BloomQuality:5]]
[2021.08.29-09.04.05:745][  0]LogConfig: Setting CVar [[r.FastBlurThreshold:100]]
[2021.08.29-09.04.05:745][  0]LogConfig: Setting CVar [[r.Upscale.Quality:3]]
[2021.08.29-09.04.05:745][  0]LogConfig: Setting CVar [[r.Tonemapper.GrainQuantization:1]]
[2021.08.29-09.04.05:745][  0]LogConfig: Setting CVar [[r.LightShaftQuality:1]]
[2021.08.29-09.04.05:745][  0]LogConfig: Setting CVar [[r.Filter.SizeScale:1]]
[2021.08.29-09.04.05:745][  0]LogConfig: Setting CVar [[r.Tonemapper.Quality:5]]
[2021.08.29-09.04.05:745][  0]LogConfig: Setting CVar [[r.DOF.Gather.AccumulatorQuality:1        ; higher gathering accumulator quality]]
[2021.08.29-09.04.05:745][  0]LogConfig: Setting CVar [[r.DOF.Gather.PostfilterMethod:1          ; Median3x3 postfilering method]]
[2021.08.29-09.04.05:745][  0]LogConfig: Setting CVar [[r.DOF.Gather.EnableBokehSettings:0       ; no bokeh simulation when gathering]]
[2021.08.29-09.04.05:745][  0]LogConfig: Setting CVar [[r.DOF.Gather.RingCount:4                 ; medium number of samples when gathering]]
[2021.08.29-09.04.05:745][  0]LogConfig: Setting CVar [[r.DOF.Scatter.ForegroundCompositing:1    ; additive foreground scattering]]
[2021.08.29-09.04.05:745][  0]LogConfig: Setting CVar [[r.DOF.Scatter.BackgroundCompositing:2    ; additive background scattering]]
[2021.08.29-09.04.05:745][  0]LogConfig: Setting CVar [[r.DOF.Scatter.EnableBokehSettings:1      ; bokeh simulation when scattering]]
[2021.08.29-09.04.05:745][  0]LogConfig: Setting CVar [[r.DOF.Scatter.MaxSpriteRatio:0.1         ; only a maximum of 10% of scattered bokeh]]
[2021.08.29-09.04.05:745][  0]LogConfig: Setting CVar [[r.DOF.Recombine.Quality:1                ; cheap slight out of focus]]
[2021.08.29-09.04.05:745][  0]LogConfig: Setting CVar [[r.DOF.Recombine.EnableBokehSettings:0    ; no bokeh simulation on slight out of focus]]
[2021.08.29-09.04.05:745][  0]LogConfig: Setting CVar [[r.DOF.TemporalAAQuality:1                ; more stable temporal accumulation]]
[2021.08.29-09.04.05:745][  0]LogConfig: Setting CVar [[r.DOF.Kernel.MaxForegroundRadius:0.025]]
[2021.08.29-09.04.05:745][  0]LogConfig: Setting CVar [[r.DOF.Kernel.MaxBackgroundRadius:0.025]]
[2021.08.29-09.04.05:745][  0]LogConfig: Applying CVar settings from Section [TextureQuality@3] File [D:/Unreal_IOCP/JanghoWorld/Saved/Config/Windows/Scalability.ini]
[2021.08.29-09.04.05:745][  0]LogConfig: Setting CVar [[r.Streaming.MipBias:0]]
[2021.08.29-09.04.05:745][  0]LogConfig: Setting CVar [[r.Streaming.AmortizeCPUToGPUCopy:0]]
[2021.08.29-09.04.05:746][  0]LogConfig: Setting CVar [[r.Streaming.MaxNumTexturesToStreamPerFrame:0]]
[2021.08.29-09.04.05:746][  0]LogConfig: Setting CVar [[r.Streaming.Boost:1]]
[2021.08.29-09.04.05:746][  0]LogConfig: Setting CVar [[r.MaxAnisotropy:8]]
[2021.08.29-09.04.05:746][  0]LogConfig: Setting CVar [[r.Streaming.LimitPoolSizeToVRAM:0]]
[2021.08.29-09.04.05:746][  0]LogConfig: Setting CVar [[r.Streaming.PoolSize:1000]]
[2021.08.29-09.04.05:746][  0]LogConfig: Setting CVar [[r.Streaming.MaxEffectiveScreenSize:0]]
[2021.08.29-09.04.05:746][  0]LogConfig: Applying CVar settings from Section [EffectsQuality@3] File [D:/Unreal_IOCP/JanghoWorld/Saved/Config/Windows/Scalability.ini]
[2021.08.29-09.04.05:746][  0]LogConfig: Setting CVar [[r.TranslucencyLightingVolumeDim:64]]
[2021.08.29-09.04.05:746][  0]LogConfig: Setting CVar [[r.RefractionQuality:2]]
[2021.08.29-09.04.05:746][  0]LogConfig: Setting CVar [[r.SSR.Quality:3]]
[2021.08.29-09.04.05:746][  0]LogConfig: Setting CVar [[r.SceneColorFormat:4]]
[2021.08.29-09.04.05:746][  0]LogConfig: Setting CVar [[r.DetailMode:2]]
[2021.08.29-09.04.05:746][  0]LogConfig: Setting CVar [[r.TranslucencyVolumeBlur:1]]
[2021.08.29-09.04.05:746][  0]LogConfig: Setting CVar [[r.MaterialQualityLevel:1 ; High quality]]
[2021.08.29-09.04.05:746][  0]LogConfig: Setting CVar [[r.SSS.Scale:1]]
[2021.08.29-09.04.05:746][  0]LogConfig: Setting CVar [[r.SSS.SampleSet:2]]
[2021.08.29-09.04.05:746][  0]LogConfig: Setting CVar [[r.SSS.Quality:1]]
[2021.08.29-09.04.05:746][  0]LogConfig: Setting CVar [[r.SSS.HalfRes:1]]
[2021.08.29-09.04.05:746][  0]LogConfig: Setting CVar [[r.EmitterSpawnRateScale:1.0]]
[2021.08.29-09.04.05:746][  0]LogConfig: Setting CVar [[r.ParticleLightQuality:2]]
[2021.08.29-09.04.05:746][  0]LogConfig: Applying CVar settings from Section [FoliageQuality@3] File [D:/Unreal_IOCP/JanghoWorld/Saved/Config/Windows/Scalability.ini]
[2021.08.29-09.04.05:746][  0]LogConfig: Setting CVar [[foliage.DensityScale:1.0]]
[2021.08.29-09.04.05:746][  0]LogConfig: Setting CVar [[grass.DensityScale:1.0]]
[2021.08.29-09.04.05:746][  0]LogConfig: Applying CVar settings from Section [Startup] File [../../../Engine/Config/ConsoleVariables.ini]
[2021.08.29-09.04.05:746][  0]LogConfig: Setting CVar [[net.UseAdaptiveNetUpdateFrequency:0]]
[2021.08.29-09.04.05:746][  0]LogConfig: Setting CVar [[p.chaos.AllowCreatePhysxBodies:1]]
[2021.08.29-09.04.05:746][  0]LogConfig: Applying CVar settings from Section [ConsoleVariables] File [D:/Unreal_IOCP/JanghoWorld/Saved/Config/Windows/Engine.ini]
[2021.08.29-09.04.05:746][  0]LogInit: Computer: 보스몬스터장어
[2021.08.29-09.04.05:746][  0]LogInit: User: 장어갓
[2021.08.29-09.04.05:746][  0]LogInit: CPU Page size=4096, Cores=4
[2021.08.29-09.04.05:746][  0]LogInit: High frequency timer resolution =10.000000 MHz
[2021.08.29-09.04.05:747][  0]LogMemory: Memory total: Physical=7.9GB (8GB approx)
[2021.08.29-09.04.05:747][  0]LogMemory: Platform Memory Stats for Windows
[2021.08.29-09.04.05:747][  0]LogMemory: Process Physical Memory: 101.17 MB used, 101.17 MB peak
[2021.08.29-09.04.05:747][  0]LogMemory: Process Virtual Memory: 87.99 MB used, 87.99 MB peak
[2021.08.29-09.04.05:747][  0]LogMemory: Physical Memory: 4564.48 MB used,  3513.84 MB free, 8078.32 MB total
[2021.08.29-09.04.05:747][  0]LogMemory: Virtual Memory: 4645.58 MB used,  134213080.00 MB free, 134217728.00 MB total
[2021.08.29-09.04.05:751][  0]LogWindows: WindowsPlatformFeatures enabled
[2021.08.29-09.04.05:867][  0]LogInit: Overriding language with editor language configuration option (ko).
[2021.08.29-09.04.05:867][  0]LogInit: Overriding locale with editor locale configuration option (ko).
[2021.08.29-09.04.05:940][  0]LogInit: Setting process to per monitor DPI aware
[2021.08.29-09.04.06:004][  0]LogSlate: New Slate User Created.  User Index 0, Is Virtual User: 0
[2021.08.29-09.04.06:004][  0]LogSlate: Slate User Registered.  User Index 0, Is Virtual User: 0
[2021.08.29-09.04.06:217][  0]LogHMD: Failed to initialize OpenVR with code 110
[2021.08.29-09.04.06:217][  0]LogD3D11RHI: D3D11 adapters:
[2021.08.29-09.04.06:623][  0]LogD3D11RHI:    0. 'NVIDIA GeForce MX150' (Feature Level 11_0)
[2021.08.29-09.04.06:623][  0]LogD3D11RHI:       1983/0/4039 MB DedicatedVideo/DedicatedSystem/SharedSystem, Outputs:2, VendorId:0x10de
[2021.08.29-09.04.06:638][  0]LogD3D11RHI:    1. 'Intel(R) UHD Graphics 630' (Feature Level 11_0)
[2021.08.29-09.04.06:638][  0]LogD3D11RHI:       128/0/4039 MB DedicatedVideo/DedicatedSystem/SharedSystem, Outputs:0, VendorId:0x8086
[2021.08.29-09.04.06:640][  0]LogD3D11RHI:    2. 'Microsoft Basic Render Driver' (Feature Level 11_0)
[2021.08.29-09.04.06:640][  0]LogD3D11RHI:       0/0/4039 MB DedicatedVideo/DedicatedSystem/SharedSystem, Outputs:0, VendorId:0x1414
[2021.08.29-09.04.06:640][  0]LogD3D11RHI: Chosen D3D11 Adapter: 0
[2021.08.29-09.04.06:645][  0]LogD3D11RHI: Creating new Direct3DDevice
[2021.08.29-09.04.06:645][  0]LogD3D11RHI:     GPU DeviceId: 0x1d10 (for the marketing name, search the web for "GPU Device Id")
[2021.08.29-09.04.06:645][  0]LogWindows: EnumDisplayDevices:
[2021.08.29-09.04.06:645][  0]LogWindows:    0. 'Intel(R) UHD Graphics 630' (P:1 D:1)
[2021.08.29-09.04.06:646][  0]LogWindows:    1. 'Intel(R) UHD Graphics 630' (P:0 D:1)
[2021.08.29-09.04.06:647][  0]LogWindows: DebugString: PrimaryIsNotTheChoosenAdapter PrimaryIsNotTheChoosenAdapter FoundDriverCount:0 
[2021.08.29-09.04.06:647][  0]LogD3D11RHI:     Adapter Name: NVIDIA GeForce MX150
[2021.08.29-09.04.06:647][  0]LogD3D11RHI:   Driver Version: Unknown (internal:Unknown, unified:Unknown)
[2021.08.29-09.04.06:647][  0]LogD3D11RHI:      Driver Date: Unknown
[2021.08.29-09.04.06:647][  0]LogRHI: Texture pool is 1388 MB (70% of 1983 MB)
[2021.08.29-09.04.06:706][  0]LogD3D11RHI: Async texture creation enabled
[2021.08.29-09.04.06:718][  0]LogD3D11RHI: GPU Timing Frequency: 1000.000000 (Debug: 2 1)
[2021.08.29-09.04.07:130][  0]LogTemp: Display: Module 'AllDesktopTargetPlatform' loaded TargetPlatform 'AllDesktop'
[2021.08.29-09.04.07:139][  0]LogTemp: Display: Module 'MacClientTargetPlatform' loaded TargetPlatform 'MacClient'
[2021.08.29-09.04.07:148][  0]LogTemp: Display: Module 'MacNoEditorTargetPlatform' loaded TargetPlatform 'MacNoEditor'
[2021.08.29-09.04.07:157][  0]LogTemp: Display: Module 'MacServerTargetPlatform' loaded TargetPlatform 'MacServer'
[2021.08.29-09.04.07:167][  0]LogTemp: Display: Module 'MacTargetPlatform' loaded TargetPlatform 'Mac'
[2021.08.29-09.04.07:176][  0]LogTemp: Display: Module 'WindowsClientTargetPlatform' loaded TargetPlatform 'WindowsClient'
[2021.08.29-09.04.07:185][  0]LogTemp: Display: Module 'WindowsNoEditorTargetPlatform' loaded TargetPlatform 'WindowsNoEditor'
[2021.08.29-09.04.07:194][  0]LogTemp: Display: Module 'WindowsServerTargetPlatform' loaded TargetPlatform 'WindowsServer'
[2021.08.29-09.04.07:199][  0]LogTemp: Display: Module 'WindowsTargetPlatform' loaded TargetPlatform 'Windows'
[2021.08.29-09.04.07:229][  0]LogTemp: Display: Module 'AndroidTargetPlatform' loaded TargetPlatform 'Android'
[2021.08.29-09.04.07:229][  0]LogTemp: Display: Module 'AndroidTargetPlatform' loaded TargetPlatform 'Android_ASTC'
[2021.08.29-09.04.07:229][  0]LogTemp: Display: Module 'AndroidTargetPlatform' loaded TargetPlatform 'Android_ATC'
[2021.08.29-09.04.07:229][  0]LogTemp: Display: Module 'AndroidTargetPlatform' loaded TargetPlatform 'Android_DXT'
[2021.08.29-09.04.07:229][  0]LogTemp: Display: Module 'AndroidTargetPlatform' loaded TargetPlatform 'Android_ETC1'
[2021.08.29-09.04.07:229][  0]LogTemp: Display: Module 'AndroidTargetPlatform' loaded TargetPlatform 'Android_ETC1a'
[2021.08.29-09.04.07:229][  0]LogTemp: Display: Module 'AndroidTargetPlatform' loaded TargetPlatform 'Android_ETC2'
[2021.08.29-09.04.07:229][  0]LogTemp: Display: Module 'AndroidTargetPlatform' loaded TargetPlatform 'Android_PVRTC'
[2021.08.29-09.04.07:229][  0]LogTemp: Display: Module 'AndroidTargetPlatform' loaded TargetPlatform 'AndroidClient'
[2021.08.29-09.04.07:229][  0]LogTemp: Display: Module 'AndroidTargetPlatform' loaded TargetPlatform 'Android_ASTCClient'
[2021.08.29-09.04.07:229][  0]LogTemp: Display: Module 'AndroidTargetPlatform' loaded TargetPlatform 'Android_ATCClient'
[2021.08.29-09.04.07:229][  0]LogTemp: Display: Module 'AndroidTargetPlatform' loaded TargetPlatform 'Android_DXTClient'
[2021.08.29-09.04.07:229][  0]LogTemp: Display: Module 'AndroidTargetPlatform' loaded TargetPlatform 'Android_ETC1Client'
[2021.08.29-09.04.07:229][  0]LogTemp: Display: Module 'AndroidTargetPlatform' loaded TargetPlatform 'Android_ETC1aClient'
[2021.08.29-09.04.07:229][  0]LogTemp: Display: Module 'AndroidTargetPlatform' loaded TargetPlatform 'Android_ETC2Client'
[2021.08.29-09.04.07:229][  0]LogTemp: Display: Module 'AndroidTargetPlatform' loaded TargetPlatform 'Android_PVRTCClient'
[2021.08.29-09.04.07:229][  0]LogTemp: Display: Module 'AndroidTargetPlatform' loaded TargetPlatform 'Android_Multi'
[2021.08.29-09.04.07:229][  0]LogTemp: Display: Module 'AndroidTargetPlatform' loaded TargetPlatform 'Android_MultiClient'
[2021.08.29-09.04.07:231][  0]LogTemp: Display: Module 'HTML5TargetPlatform' loaded TargetPlatform 'HTML5'
[2021.08.29-09.04.07:250][  0]LogTemp: Display: Module 'IOSTargetPlatform' loaded TargetPlatform 'IOSClient'
[2021.08.29-09.04.07:250][  0]LogTemp: Display: Module 'IOSTargetPlatform' loaded TargetPlatform 'IOS'
[2021.08.29-09.04.07:264][  0]LogTemp: Display: Module 'TVOSTargetPlatform' loaded TargetPlatform 'TVOSClient'
[2021.08.29-09.04.07:264][  0]LogTemp: Display: Module 'TVOSTargetPlatform' loaded TargetPlatform 'TVOS'
[2021.08.29-09.04.07:271][  0]LogTemp: Display: Module 'LinuxClientTargetPlatform' loaded TargetPlatform 'LinuxClient'
[2021.08.29-09.04.07:278][  0]LogTemp: Display: Module 'LinuxNoEditorTargetPlatform' loaded TargetPlatform 'LinuxNoEditor'
[2021.08.29-09.04.07:285][  0]LogTemp: Display: Module 'LinuxServerTargetPlatform' loaded TargetPlatform 'LinuxServer'
[2021.08.29-09.04.07:294][  0]LogTemp: Display: Module 'LinuxTargetPlatform' loaded TargetPlatform 'Linux'
[2021.08.29-09.04.07:319][  0]LogTemp: Display: Module 'LuminTargetPlatform' loaded TargetPlatform 'Lumin'
[2021.08.29-09.04.07:319][  0]LogTemp: Display: Module 'LuminTargetPlatform' loaded TargetPlatform 'LuminClient'
[2021.08.29-09.04.07:319][  0]LogTargetPlatformManager: Display: Building Assets For Windows
[2021.08.29-09.04.07:330][  0]LogAudioDebug: Display: Lib vorbis DLL was dynamically loaded.
[2021.08.29-09.04.07:390][  0]LogShaderCompilers: Guid format shader working directory is 18 characters bigger than the processId version (D:/Unreal_IOCP/JanghoWorld/Intermediate/Shaders/WorkingDirectory/5596/).
[2021.08.29-09.04.07:390][  0]LogShaderCompilers: Cleaned the shader compiler working directory 'C:/Users/나장호/AppData/Local/Temp/UnrealShaderWorkingDir/A67A4CE24B086EC5364F719C335A317C/'.
[2021.08.29-09.04.07:392][  0]LogXGEController: Cleaning working directory: C:/Users/나장호/AppData/Local/Temp/UnrealXGEWorkingDir/
[2021.08.29-09.04.07:393][  0]LogXGEController: Cannot use XGE Controller as Incredibuild is not installed on this machine.
[2021.08.29-09.04.07:393][  0]LogShaderCompilers: Cannot use XGE Shader Compiler as Incredibuild is not installed on this machine.
[2021.08.29-09.04.07:393][  0]LogShaderCompilers: Display: Using Local Shader Compiler.
[2021.08.29-09.04.07:974][  0]LogDerivedDataCache: Display: Max Cache Size: 512 MB
[2021.08.29-09.04.08:021][  0]LogDerivedDataCache: Loaded boot cache 0.05s 78MB C:/Users/나장호/AppData/Local/UnrealEngine/4.23/DerivedDataCache/Boot.ddc.
[2021.08.29-09.04.08:021][  0]LogDerivedDataCache: Display: Loaded Boot cache: C:/Users/나장호/AppData/Local/UnrealEngine/4.23/DerivedDataCache/Boot.ddc
[2021.08.29-09.04.08:021][  0]LogDerivedDataCache: FDerivedDataBackendGraph:  Pak pak cache file D:/Unreal_IOCP/JanghoWorld/DerivedDataCache/DDC.ddp not found, will not use a pak cache.
[2021.08.29-09.04.08:021][  0]LogDerivedDataCache: Unable to find inner node Pak for hierarchical cache Hierarchy.
[2021.08.29-09.04.08:021][  0]LogDerivedDataCache: FDerivedDataBackendGraph:  CompressedPak pak cache file D:/Unreal_IOCP/JanghoWorld/DerivedDataCache/Compressed.ddp not found, will not use a pak cache.
[2021.08.29-09.04.08:021][  0]LogDerivedDataCache: Unable to find inner node CompressedPak for hierarchical cache Hierarchy.
[2021.08.29-09.04.08:032][  0]LogDerivedDataCache: Display: Pak cache opened for reading ../../../Engine/DerivedDataCache/Compressed.ddp.
[2021.08.29-09.04.08:034][  0]LogDerivedDataCache: Display: Pak cache opened for reading ../../../Enterprise/DerivedDataCache/Compressed.ddp.
[2021.08.29-09.04.08:035][  0]LogDerivedDataCache: Using Local data cache path C:/Users/나장호/AppData/Local/UnrealEngine/Common/DerivedDataCache: Writable
[2021.08.29-09.04.08:035][  0]LogDerivedDataCache: Shared data cache path not found in *engine.ini, will not use an Shared cache.
[2021.08.29-09.04.08:035][  0]LogDerivedDataCache: Unable to find inner node Shared for hierarchical cache Hierarchy.
[2021.08.29-09.04.08:054][  0]LogMaterial: Verifying Global Shaders for PCD3D_SM5
[2021.08.29-09.04.08:057][  0]LogSlate: Using FreeType 2.6.0
[2021.08.29-09.04.08:057][  0]LogSlate: SlateFontServices - WITH_FREETYPE: 1, WITH_HARFBUZZ: 1
[2021.08.29-09.04.08:114][  0]LogAssetRegistry: FAssetRegistry took 0.0025 seconds to start up
[2021.08.29-09.04.08:348][  0]LogInit: Selected Device Profile: [Windows]
[2021.08.29-09.04.08:488][  0]LogMeshReduction: Using QuadricMeshReduction for automatic static mesh reduction
[2021.08.29-09.04.08:488][  0]LogMeshReduction: Using SimplygonMeshReduction for automatic skeletal mesh reduction
[2021.08.29-09.04.08:488][  0]LogMeshReduction: Using ProxyLODMeshReduction for automatic mesh merging
[2021.08.29-09.04.08:488][  0]LogMeshReduction: No distributed automatic mesh merging module available
[2021.08.29-09.04.08:488][  0]LogMeshMerging: No distributed automatic mesh merging module available
[2021.08.29-09.04.08:497][  0]LogNetVersion: JanghoWorld 1.0.0, NetCL: 8386587, EngineNetVer: 11, GameNetVer: 0 (Checksum: 4109427238)
[2021.08.29-09.04.08:882][  0]LogPackageLocalizationCache: Processed 18 localized package path(s) for 1 prioritized culture(s) in 0.050331 seconds
[2021.08.29-09.04.08:887][  0]LogUObjectArray: 43444 objects as part of root set at end of initial load.
[2021.08.29-09.04.08:888][  0]LogUObjectAllocator: 7548648 out of 0 bytes used by permanent object pool.
[2021.08.29-09.04.08:888][  0]LogUObjectArray: CloseDisregardForGC: 0/0 objects in disregard for GC pool
[2021.08.29-09.04.09:725][  0]LogTcpMessaging: Initializing TcpMessaging bridge
[2021.08.29-09.04.09:728][  0]LogUdpMessaging: Initializing bridge on interface 0.0.0.0:0 to multicast group 230.0.0.1:6666.
[2021.08.29-09.04.09:890][  0]SourceControl: 소스 컨트롤이 꺼졌습니다.
[2021.08.29-09.04.09:890][  0]SourceControl: 소스 컨트롤이 꺼졌습니다.
[2021.08.29-09.04.09:892][  0]SourceControl: 소스 컨트롤이 꺼졌습니다.
[2021.08.29-09.04.09:893][  0]SourceControl: 소스 컨트롤이 꺼졌습니다.
[2021.08.29-09.04.10:066][  0]LogAndroidPermission: UAndroidPermissionCallbackProxy::GetInstance
[2021.08.29-09.04.10:244][  0]LogOcInput: OculusInput pre-init called
[2021.08.29-09.04.10:252][  0]LogWindows: Failed to load 'OVRPlugin.dll' (GetLastError=126)
[2021.08.29-09.04.10:252][  0]LogWindows: File 'OVRPlugin.dll' does not exist
[2021.08.29-09.04.15:401][  0]LogEngine: Initializing Engine...
[2021.08.29-09.04.15:402][  0]LogHMD: Failed to initialize OpenVR with code 110
[2021.08.29-09.04.15:403][  0]LogStats: UGameplayTagsManager::InitializeManager -  0.000 s
[2021.08.29-09.04.15:612][  0]LogInit: Initializing FReadOnlyCVARCache
[2021.08.29-09.04.15:627][  0]LogAIModule: Creating AISystem for world Untitled
[2021.08.29-09.04.15:642][  0]LogInit: Failed to create XAudio2 interface
[2021.08.29-09.04.15:643][  0]LogNetVersion: Set ProjectVersion to 1.0.0.0. Version Checksum will be recalculated on next use.
[2021.08.29-09.04.15:763][  0]LogDerivedDataCache: Saved boot cache 0.12s 78MB C:/Users/나장호/AppData/Local/UnrealEngine/4.23/DerivedDataCache/Boot.ddc.
[2021.08.29-09.04.15:768][  0]LogInit: Texture streaming: Enabled
[2021.08.29-09.04.15:789][  0]LogEngineSessionManager: EngineSessionManager initialized
[2021.08.29-09.04.15:789][  0]LogEditorSessionSummary: Verbose: Initializing EditorSessionSummaryWriter for editor session tracking
[2021.08.29-09.04.15:793][  0]LogEditorSessionSummary: EditorSessionSummaryWriter initialized
[2021.08.29-09.04.15:830][  0]LogInit: Transaction tracking system initialized
[2021.08.29-09.04.15:867][  0]BlueprintLog: New page: 에디터 로드
[2021.08.29-09.04.15:946][  0]LocalizationService: 현지화 서비스가 비활성화되었습니다.
[2021.08.29-09.04.16:179][  0]LogFileCache: Scanning file cache for directory 'D:/Unreal_IOCP/JanghoWorld/Content/' took 0.00s
[2021.08.29-09.04.16:180][  0]LogCook: Display: Max memory allowance for cook 16384mb min free memory 0mb
[2021.08.29-09.04.16:180][  0]LogCook: Display: Mobile HDR setting 1
[2021.08.29-09.04.17:679][  0]SourceControl: 소스 컨트롤이 꺼졌습니다.
[2021.08.29-09.04.17:679][  0]Cmd: MAP LOAD FILE="D:/Unreal_IOCP/JanghoWorld/Content/ThirdPersonCPP/Maps/ThirdPersonExampleMap.umap" TEMPLATE=0 SHOWPROGRESS=1 FEATURELEVEL=3
[2021.08.29-09.04.17:679][  0]LightingResults: New page: 라이팅 빌드
[2021.08.29-09.04.17:682][  0]LogWorld: UWorld::CleanupWorld for Untitled, bSessionEnded=true, bCleanupResources=true
[2021.08.29-09.04.17:682][  0]MapCheck: New page: 맵 체크
[2021.08.29-09.04.17:682][  0]LightingResults: New page: 라이팅 빌드
[2021.08.29-09.04.17:707][  0]LogUObjectHash: Compacting FUObjectHashTables data took   1.92ms
[2021.08.29-09.04.17:783][  0]LogAIModule: Creating AISystem for world ThirdPersonExampleMap
[2021.08.29-09.04.17:802][  0]LogEditorServer: Finished looking for orphan Actors (0.000 secs)
[2021.08.29-09.04.17:826][  0]LogUObjectHash: Compacting FUObjectHashTables data took   1.92ms
[2021.08.29-09.04.17:826][  0]Cmd: MAP CHECKDEP NOCLEARLOG
[2021.08.29-09.04.17:826][  0]MapCheck: 맵 체크 완료: 오류 0 회, 경고 0 회, 소요 시간 0.096ms.
[2021.08.29-09.04.17:826][  0]LogFileHelpers: Loading map 'ThirdPersonExampleMap' took 0.147
[2021.08.29-09.04.17:941][  0]LogSlate: Updating window title bar state: overlay mode, drag disabled, window buttons hidden, title bar hidden
[2021.08.29-09.04.17:947][  0]LogSlate: Updating window title bar state: overlay mode, drag disabled, window buttons hidden, title bar hidden
[2021.08.29-09.04.17:955][  0]LogSlate: Updating window title bar state: overlay mode, drag disabled, window buttons hidden, title bar hidden
[2021.08.29-09.04.17:961][  0]LogSlate: Updating window title bar state: overlay mode, drag disabled, window buttons hidden, title bar hidden
[2021.08.29-09.04.17:968][  0]LogCollectionManager: Loaded 0 collections in 0.001905 seconds
[2021.08.29-09.04.17:974][  0]LogFileCache: Scanning file cache for directory 'D:/Unreal_IOCP/JanghoWorld/Saved/Collections/' took 0.00s
[2021.08.29-09.04.17:974][  0]LogFileCache: Scanning file cache for directory 'D:/Unreal_IOCP/JanghoWorld/Content/Developers/장어갓/Collections/' took 0.00s
[2021.08.29-09.04.17:974][  0]LogFileCache: Scanning file cache for directory 'D:/Unreal_IOCP/JanghoWorld/Content/Collections/' took 0.00s
[2021.08.29-09.04.17:974][  0]LogCollectionManager: Rebuilt the GUID cache for 0 collections in 0.000001 seconds
[2021.08.29-09.04.17:982][  0]LogContentBrowser: Native class hierarchy populated in 0.0080 seconds. Added 3047 classes and 767 folders.
[2021.08.29-09.04.17:987][  0]LogContentBrowser: Native class hierarchy updated for 'WidgetCarousel' in 0.0003 seconds. Added 0 classes and 0 folders.
[2021.08.29-09.04.18:030][  0]LogContentBrowser: Native class hierarchy updated for 'AddContentDialog' in 0.0003 seconds. Added 0 classes and 0 folders.
[2021.08.29-09.04.18:033][  0]LogContentBrowser: Native class hierarchy updated for 'SceneOutliner' in 0.0003 seconds. Added 1 classes and 0 folders.
[2021.08.29-09.04.18:110][  0]LogSlate: Took 0.000193 seconds to synchronously load lazily loaded font '../../../Engine/Content/Slate/Fonts/Roboto-Regular.ttf' (155K)
[2021.08.29-09.04.18:113][  0]LogSlate: Took 0.002050 seconds to synchronously load lazily loaded font '../../../Engine/Content/Editor/Slate/Fonts/NanumGothic.ttf' (4243K)
[2021.08.29-09.04.18:115][  0]LogSlate: Took 0.001574 seconds to synchronously load lazily loaded font '../../../Engine/Content/Editor/Slate/Fonts/NanumGothicBold.ttf' (4188K)
[2021.08.29-09.04.18:116][  0]LogSlate: Took 0.000156 seconds to synchronously load lazily loaded font '../../../Engine/Content/Slate/Fonts/Roboto-Bold.ttf' (160K)
[2021.08.29-09.04.18:119][  0]LogSlate: Took 0.000236 seconds to synchronously load lazily loaded font '../../../Engine/Content/Editor/Slate/Fonts/FontAwesome.ttf' (139K)
[2021.08.29-09.04.18:176][  0]LogRenderer: Reallocating scene render targets to support 1120x556 Format 10 NumSamples 1 (Frame:1).
[2021.08.29-09.04.18:390][  0]LogContentBrowser: Native class hierarchy updated for 'HierarchicalLODOutliner' in 0.0003 seconds. Added 0 classes and 0 folders.
[2021.08.29-09.04.18:390][  0]LogLoad: (Engine Initialization) Total time: 16.07 seconds
[2021.08.29-09.04.18:390][  0]LogLoad: (Engine Initialization) Total Blueprint compile time: 0.00 seconds
[2021.08.29-09.04.18:446][  0]LogAssetRegistry: Asset discovery search completed in 10.3323 seconds
[2021.08.29-09.04.18:449][  0]LogCollectionManager: Rebuilt the object cache for 0 collections in 0.000007 seconds (found 0 objects)
[2021.08.29-09.04.18:449][  0]LogCollectionManager: Fixed up redirectors for 0 collections in 0.000052 seconds (updated 0 objects)
[2021.08.29-09.04.18:450][  0]LogContentStreaming: Texture pool size now 1000 MB
[2021.08.29-09.04.18:466][  0]LogSlate: Took 0.000186 seconds to synchronously load lazily loaded font '../../../Engine/Content/Slate/Fonts/Roboto-Light.ttf' (167K)
[2021.08.29-09.04.21:705][123]LogSlate: FSceneViewport::OnFocusLost() reason 0
[2021.08.29-09.04.21:805][129]LogTemp: Repeating last play command: 선택된 뷰포트
[2021.08.29-09.04.21:818][129]LogBlueprintUserMessages: Early PlayInEditor Detection: Level '/Game/ThirdPersonCPP/Maps/ThirdPersonExampleMap.ThirdPersonExampleMap:PersistentLevel' has LevelScriptBlueprint '/Game/ThirdPersonCPP/Maps/ThirdPersonExampleMap.ThirdPersonExampleMap:PersistentLevel.ThirdPersonExampleMap' with GeneratedClass '/Game/ThirdPersonCPP/Maps/ThirdPersonExampleMap.ThirdPersonExampleMap_C' with ClassGeneratedBy '/Game/ThirdPersonCPP/Maps/ThirdPersonExampleMap.ThirdPersonExampleMap:PersistentLevel.ThirdPersonExampleMap'
[2021.08.29-09.04.21:819][129]LogPlayLevel: PlayLevel: No blueprints needed recompiling
[2021.08.29-09.04.21:830][129]PIE: New page: PIE 세션: ThirdPersonExampleMap (2021. 8. 30. 오전 3:04:21)
[2021.08.29-09.04.21:832][129]LogOnline: OSS: Creating online subsystem instance for: NULL
[2021.08.29-09.04.21:836][129]LogPlayLevel: Creating play world package: /Game/ThirdPersonCPP/Maps/UEDPIE_0_ThirdPersonExampleMap
[2021.08.29-09.04.21:853][129]LogPlayLevel: PIE: StaticDuplicateObject took: (0.016724s)
[2021.08.29-09.04.21:854][129]LogAIModule: Creating AISystem for world ThirdPersonExampleMap
[2021.08.29-09.04.21:855][129]LogPlayLevel: PIE: World Init took: (0.002081s)
[2021.08.29-09.04.21:855][129]LogPlayLevel: PIE: Created PIE world by copying editor world from /Game/ThirdPersonCPP/Maps/ThirdPersonExampleMap.ThirdPersonExampleMap to /Game/ThirdPersonCPP/Maps/UEDPIE_0_ThirdPersonExampleMap.ThirdPersonExampleMap (0.019042s)
[2021.08.29-09.04.21:875][129]LogUObjectHash: Compacting FUObjectHashTables data took   1.39ms
[2021.08.29-09.04.21:891][129]LogLoad: Game class is 'JanghoWorldGameMode'
[2021.08.29-09.04.21:902][129]LogWorld: Bringing World /Game/ThirdPersonCPP/Maps/UEDPIE_0_ThirdPersonExampleMap.ThirdPersonExampleMap up for play (max tick rate 60) at 2021.08.29-18.04.21
[2021.08.29-09.04.21:905][129]LogWorld: Bringing up level for play took: 0.004180
[2021.08.29-09.04.21:906][129]LogOnline: OSS: Creating online subsystem instance for: :Context_1
[2021.08.29-09.04.21:944][129]LogContentBrowser: Native class hierarchy updated for 'MovieSceneCapture' in 0.0004 seconds. Added 20 classes and 0 folders.
[2021.08.29-09.04.21:949][129]PIE: /Game/ThirdPersonCPP/Maps/UEDPIE_0_ThirdPersonExampleMap 에 대한 에디터에서 플레이 시작 시간: -0.223
[2021.08.29-09.04.21:949][129]LogBlueprintUserMessages: Late PlayInEditor Detection: Level '/Game/ThirdPersonCPP/Maps/ThirdPersonExampleMap.ThirdPersonExampleMap:PersistentLevel' has LevelScriptBlueprint '/Game/ThirdPersonCPP/Maps/ThirdPersonExampleMap.ThirdPersonExampleMap:PersistentLevel.ThirdPersonExampleMap' with GeneratedClass '/Game/ThirdPersonCPP/Maps/ThirdPersonExampleMap.ThirdPersonExampleMap_C' with ClassGeneratedBy '/Game/ThirdPersonCPP/Maps/ThirdPersonExampleMap.ThirdPersonExampleMap:PersistentLevel.ThirdPersonExampleMap'
[2021.08.29-09.04.24:653][277]LogBlueprintUserMessages: Early EndPlayMap Detection: Level '/Game/ThirdPersonCPP/Maps/ThirdPersonExampleMap.ThirdPersonExampleMap:PersistentLevel' has LevelScriptBlueprint '/Game/ThirdPersonCPP/Maps/ThirdPersonExampleMap.ThirdPersonExampleMap:PersistentLevel.ThirdPersonExampleMap' with GeneratedClass '/Game/ThirdPersonCPP/Maps/ThirdPersonExampleMap.ThirdPersonExampleMap_C' with ClassGeneratedBy '/Game/ThirdPersonCPP/Maps/ThirdPersonExampleMap.ThirdPersonExampleMap:PersistentLevel.ThirdPersonExampleMap'
[2021.08.29-09.04.24:655][277]LogSlate: Updating window title bar state: overlay mode, drag disabled, window buttons hidden, title bar hidden
[2021.08.29-09.04.24:655][277]LogWorld: BeginTearingDown for /Game/ThirdPersonCPP/Maps/UEDPIE_0_ThirdPersonExampleMap
[2021.08.29-09.04.24:655][277]LogWorld: UWorld::CleanupWorld for ThirdPersonExampleMap, bSessionEnded=true, bCleanupResources=true
[2021.08.29-09.04.24:663][277]LogPlayLevel: Display: Shutting down PIE online subsystems
[2021.08.29-09.04.24:663][277]LogBlueprintUserMessages: Late EndPlayMap Detection: Level '/Game/ThirdPersonCPP/Maps/ThirdPersonExampleMap.ThirdPersonExampleMap:PersistentLevel' has LevelScriptBlueprint '/Game/ThirdPersonCPP/Maps/ThirdPersonExampleMap.ThirdPersonExampleMap:PersistentLevel.ThirdPersonExampleMap' with GeneratedClass '/Game/ThirdPersonCPP/Maps/ThirdPersonExampleMap.ThirdPersonExampleMap_C' with ClassGeneratedBy '/Game/ThirdPersonCPP/Maps/ThirdPersonExampleMap.ThirdPersonExampleMap:PersistentLevel.ThirdPersonExampleMap'
[2021.08.29-09.04.24:689][277]LogSlate: Updating window title bar state: overlay mode, drag disabled, window buttons hidden, title bar hidden
[2021.08.29-09.04.24:692][277]LogUObjectHash: Compacting FUObjectHashTables data took   1.33ms
[2021.08.29-09.04.24:755][281]LogPlayLevel: Display: Destroying online subsystem :Context_1
[2021.08.29-09.04.25:593][330]LogUObjectHash: Compacting FUObjectHashTables data took   0.59ms
[2021.08.29-09.04.25:615][330]LogSlate: Window 'JanghoWorld - 언리얼 에디터' being destroyed
[2021.08.29-09.04.25:618][330]LogWindowsTextInputMethodSystem: Display: IME system now activated using TSF (Microsoft 입력기).
[2021.08.29-09.04.25:623][330]LogWindowsTextInputMethodSystem: Display: IME system now activated using TSF (Microsoft 입력기).
[2021.08.29-09.04.25:696][331]Cmd: QUIT_EDITOR
[2021.08.29-09.04.25:949][331]LogExit: Preparing to exit.
[2021.08.29-09.04.26:758][331]LogDemo: Cleaned up 0 splitscreen connections with owner deletion
[2021.08.29-09.04.26:764][331]LogWorld: UWorld::CleanupWorld for None, bSessionEnded=true, bCleanupResources=true
[2021.08.29-09.04.26:764][331]LogExit: Editor shut down
[2021.08.29-09.04.26:764][331]LogExit: Transaction tracking system shut down
[2021.08.29-09.04.26:897][331]LogExit: Object subsystem successfully closed.
[2021.08.29-09.04.26:912][331]LogShaderCompilers: Display: Shaders left to compile 0
[2021.08.29-09.04.26:941][331]LogModuleManager: Shutting down and abandoning module MovieSceneCapture (734)
[2021.08.29-09.04.26:941][331]LogModuleManager: Shutting down and abandoning module Voice (732)
[2021.08.29-09.04.26:942][331]LogModuleManager: Shutting down and abandoning module HierarchicalLODOutliner (730)
[2021.08.29-09.04.26:942][331]LogModuleManager: Shutting down and abandoning module SceneOutliner (728)
[2021.08.29-09.04.26:942][331]LogModuleManager: Shutting down and abandoning module AddContentDialog (726)
[2021.08.29-09.04.26:942][331]LogModuleManager: Shutting down and abandoning module WidgetCarousel (725)
[2021.08.29-09.04.26:942][331]LogModuleManager: Shutting down and abandoning module EditorWidgets (722)
[2021.08.29-09.04.26:942][331]LogModuleManager: Shutting down and abandoning module CollectionManager (720)
[2021.08.29-09.04.26:942][331]LogModuleManager: Shutting down and abandoning module StatsViewer (718)
[2021.08.29-09.04.26:942][331]LogModuleManager: Shutting down and abandoning module VirtualTexturingEditor (716)
[2021.08.29-09.04.26:942][331]LogModuleManager: Shutting down and abandoning module FoliageEdit (714)
[2021.08.29-09.04.26:942][331]LogModuleManager: Shutting down and abandoning module LandscapeEditor (712)
[2021.08.29-09.04.26:942][331]LogModuleManager: Shutting down and abandoning module MeshPaintMode (710)
[2021.08.29-09.04.26:942][331]LogModuleManager: Shutting down and abandoning module SceneDepthPickerMode (708)
[2021.08.29-09.04.26:942][331]LogModuleManager: Shutting down and abandoning module ActorPickerMode (706)
[2021.08.29-09.04.26:942][331]LogModuleManager: Shutting down and abandoning module GeometryMode (704)
[2021.08.29-09.04.26:942][331]LogModuleManager: Shutting down and abandoning module TextureAlignMode (702)
[2021.08.29-09.04.26:942][331]LogModuleManager: Shutting down and abandoning module BspMode (700)
[2021.08.29-09.04.26:942][331]LogModuleManager: Shutting down and abandoning module PIEPreviewDeviceProfileSelector (698)
[2021.08.29-09.04.26:942][331]LogModuleManager: Shutting down and abandoning module SequenceRecorderSections (696)
[2021.08.29-09.04.26:942][331]LogModuleManager: Shutting down and abandoning module AutomationWorker (694)
[2021.08.29-09.04.26:942][331]LogModuleManager: Shutting down and abandoning module DatasmithFBXImporter (692)
[2021.08.29-09.04.26:943][331]LogModuleManager: Shutting down and abandoning module DatasmithDeltaGenImporter (690)
[2021.08.29-09.04.26:943][331]LogModuleManager: Shutting down and abandoning module DatasmithVREDImporter (688)
[2021.08.29-09.04.26:943][331]LogModuleManager: Shutting down and abandoning module OculusMR (686)
[2021.08.29-09.04.26:943][331]LogModuleManager: Shutting down and abandoning module AudioCaptureEditor (684)
[2021.08.29-09.04.26:943][331]LogModuleManager: Shutting down and abandoning module MatineeToLevelSequence (682)
[2021.08.29-09.04.26:943][331]LogModuleManager: Shutting down and abandoning module LevelSequenceEditor (680)
[2021.08.29-09.04.26:943][331]LogModuleManager: Shutting down and abandoning module PlacementMode (679)
[2021.08.29-09.04.26:943][331]LogModuleManager: Shutting down and abandoning module MaterialEditor (678)
[2021.08.29-09.04.26:943][331]LogModuleManager: Shutting down and abandoning module ActorSequenceEditor (674)
[2021.08.29-09.04.26:943][331]LogModuleManager: Shutting down and abandoning module WmfMediaFactory (672)
[2021.08.29-09.04.26:943][331]LogModuleManager: Shutting down and abandoning module WmfMediaEditor (670)
[2021.08.29-09.04.26:943][331]LogModuleManager: Shutting down and abandoning module WebMMediaFactory (668)
[2021.08.29-09.04.26:943][331]LogModuleManager: Shutting down and abandoning module WebMMediaEditor (666)
[2021.08.29-09.04.26:943][331]LogModuleManager: Shutting down and abandoning module WebMMedia (664)
[2021.08.29-09.04.26:943][331]LogModuleManager: Shutting down and abandoning module MediaPlayerEditor (662)
[2021.08.29-09.04.26:943][331]LogModuleManager: Shutting down and abandoning module MediaCompositingEditor (660)
[2021.08.29-09.04.26:943][331]LogModuleManager: Shutting down and abandoning module SequenceRecorder (659)
[2021.08.29-09.04.26:943][331]LogModuleManager: Shutting down and abandoning module OpenExrWrapper (656)
[2021.08.29-09.04.26:943][331]LogModuleManager: Shutting down and abandoning module ImgMediaFactory (654)
[2021.08.29-09.04.26:943][331]LogModuleManager: Shutting down and abandoning module ImgMediaEditor (652)
[2021.08.29-09.04.26:943][331]LogModuleManager: Shutting down and abandoning module AvfMediaFactory (650)
[2021.08.29-09.04.26:943][331]LogModuleManager: Shutting down and abandoning module AvfMediaEditor (648)
[2021.08.29-09.04.26:943][331]LogModuleManager: Shutting down and abandoning module AndroidMediaFactory (646)
[2021.08.29-09.04.26:943][331]LogModuleManager: Shutting down and abandoning module AndroidMediaEditor (644)
[2021.08.29-09.04.26:943][331]LogModuleManager: Shutting down and abandoning module MagicLeapCameraPreviewFactory (642)
[2021.08.29-09.04.26:943][331]LogModuleManager: Shutting down and abandoning module MagicLeapMediaCodecFactory (640)
[2021.08.29-09.04.26:943][331]LogModuleManager: Shutting down and abandoning module MagicLeapMediaFactory (638)
[2021.08.29-09.04.26:943][331]LogModuleManager: Shutting down and abandoning module MagicLeapMediaEditor (636)
[2021.08.29-09.04.26:943][331]LogModuleManager: Shutting down and abandoning module CharacterAI (634)
[2021.08.29-09.04.26:943][331]LogModuleManager: Shutting down and abandoning module SmartSnapping (632)
[2021.08.29-09.04.26:943][331]LogModuleManager: Shutting down and abandoning module SessionServices (630)
[2021.08.29-09.04.26:943][331]LogModuleManager: Shutting down and abandoning module MeshPaint (628)
[2021.08.29-09.04.26:943][331]LogModuleManager: Shutting down and abandoning module ViewportSnapping (626)
[2021.08.29-09.04.26:943][331]LogModuleManager: Shutting down and abandoning module ViewportInteraction (624)
[2021.08.29-09.04.26:943][331]LogModuleManager: Shutting down and abandoning module ClothPainter (622)
[2021.08.29-09.04.26:943][331]LogModuleManager: Shutting down and abandoning module SkeletalMeshEditor (621)
[2021.08.29-09.04.26:943][331]LogModuleManager: Shutting down and abandoning module LogVisualizer (618)
[2021.08.29-09.04.26:943][331]LogModuleManager: Shutting down and abandoning module IntroTutorials (616)
[2021.08.29-09.04.26:943][331]LogModuleManager: Shutting down and abandoning module GameProjectGeneration (615)
[2021.08.29-09.04.26:943][331]LogModuleManager: Shutting down and abandoning module LuminPlatformEditor (612)
[2021.08.29-09.04.26:943][331]LogModuleManager: Shutting down and abandoning module IOSPlatformEditor (610)
[2021.08.29-09.04.26:943][331]LogModuleManager: Shutting down and abandoning module HTML5PlatformEditor (608)
[2021.08.29-09.04.26:943][331]LogModuleManager: Shutting down and abandoning module AndroidPlatformEditor (606)
[2021.08.29-09.04.26:943][331]LogModuleManager: Shutting down and abandoning module AndroidDeviceDetection (605)
[2021.08.29-09.04.26:989][331]LogModuleManager: Shutting down and abandoning module WindowsPlatformEditor (602)
[2021.08.29-09.04.26:989][331]LogModuleManager: Shutting down and abandoning module LuminRuntimeSettings (600)
[2021.08.29-09.04.26:989][331]LogModuleManager: Shutting down and abandoning module IOSRuntimeSettings (598)
[2021.08.29-09.04.26:989][331]LogModuleManager: Shutting down and abandoning module AndroidRuntimeSettings (596)
[2021.08.29-09.04.26:989][331]LogModuleManager: Shutting down and abandoning module TimeManagementEditor (594)
[2021.08.29-09.04.26:989][331]LogModuleManager: Shutting down and abandoning module InputBindingEditor (592)
[2021.08.29-09.04.26:989][331]LogModuleManager: Shutting down and abandoning module MergeActors (590)
[2021.08.29-09.04.26:989][331]LogModuleManager: Shutting down and abandoning module LocalizationDashboard (588)
[2021.08.29-09.04.26:989][331]LogModuleManager: Shutting down and abandoning module LocalizationService (587)
[2021.08.29-09.04.26:989][331]LogModuleManager: Shutting down and abandoning module HardwareTargeting (584)
[2021.08.29-09.04.26:989][331]LogModuleManager: Shutting down and abandoning module DeviceProfileEditor (582)
[2021.08.29-09.04.26:989][331]LogModuleManager: Shutting down and abandoning module UndoHistory (580)
[2021.08.29-09.04.26:989][331]LogModuleManager: Shutting down and abandoning module XmlParser (578)
[2021.08.29-09.04.26:989][331]LogModuleManager: Shutting down and abandoning module Blutility (576)
[2021.08.29-09.04.26:990][331]LogModuleManager: Shutting down and abandoning module ProjectSettingsViewer (574)
[2021.08.29-09.04.26:990][331]LogModuleManager: Shutting down and abandoning module ProjectTargetPlatformEditor (573)
[2021.08.29-09.04.26:990][331]LogModuleManager: Shutting down and abandoning module EditorSettingsViewer (570)
[2021.08.29-09.04.26:990][331]LogModuleManager: Shutting down and abandoning module SettingsEditor (568)
[2021.08.29-09.04.26:990][331]LogModuleManager: Shutting down and abandoning module ProjectLauncher (566)
[2021.08.29-09.04.26:990][331]LogModuleManager: Shutting down and abandoning module SessionFrontend (564)
[2021.08.29-09.04.26:990][331]LogModuleManager: Shutting down and abandoning module ProfilerClient (562)
[2021.08.29-09.04.26:990][331]LogModuleManager: Shutting down and abandoning module DeviceManager (560)
[2021.08.29-09.04.26:990][331]LogModuleManager: Shutting down and abandoning module TargetDeviceServices (559)
[2021.08.29-09.04.27:033][331]LogModuleManager: Shutting down and abandoning module AutomationController (556)
[2021.08.29-09.04.27:033][331]LogModuleManager: Shutting down and abandoning module AutomationWindow (554)
[2021.08.29-09.04.27:033][331]LogModuleManager: Shutting down and abandoning module Layers (552)
[2021.08.29-09.04.27:033][331]LogModuleManager: Shutting down and abandoning module ComponentVisualizers (550)
[2021.08.29-09.04.27:033][331]LogModuleManager: Shutting down and abandoning module DetailCustomizations (548)
[2021.08.29-09.04.27:033][331]LogModuleManager: Shutting down and abandoning module PackagesDialog (546)
[2021.08.29-09.04.27:033][331]LogModuleManager: Shutting down and abandoning module AnimationBlueprintEditor (544)
[2021.08.29-09.04.27:033][331]LogModuleManager: Shutting down and abandoning module Persona (542)
[2021.08.29-09.04.27:033][331]LogModuleManager: Shutting down and abandoning module AnimGraph (541)
[2021.08.29-09.04.27:033][331]LogModuleManager: Shutting down and abandoning module Kismet (538)
[2021.08.29-09.04.27:033][331]LogModuleManager: Shutting down and abandoning module KismetWidgets (537)
[2021.08.29-09.04.27:033][331]LogModuleManager: Shutting down and abandoning module GraphEditor (534)
[2021.08.29-09.04.27:033][331]LogModuleManager: Shutting down and abandoning module StructViewer (532)
[2021.08.29-09.04.27:033][331]LogModuleManager: Shutting down and abandoning module ClassViewer (530)
[2021.08.29-09.04.27:033][331]LogModuleManager: Shutting down and abandoning module Toolbox (528)
[2021.08.29-09.04.27:034][331]LogModuleManager: Shutting down and abandoning module DesktopPlatform (527)
[2021.08.29-09.04.27:034][331]LogModuleManager: Shutting down and abandoning module ModuleUI (524)
[2021.08.29-09.04.27:034][331]LogModuleManager: Shutting down and abandoning module MovieSceneTools (522)
[2021.08.29-09.04.27:034][331]LogModuleManager: Shutting down and abandoning module OutputLog (520)
[2021.08.29-09.04.27:034][331]LogModuleManager: Shutting down and abandoning module GammaUI (518)
[2021.08.29-09.04.27:034][331]LogModuleManager: Shutting down and abandoning module Documentation (516)
[2021.08.29-09.04.27:034][331]LogModuleManager: Shutting down and abandoning module LiveCoding (514)
[2021.08.29-09.04.27:034][331]LogModuleManager: Shutting down and abandoning module LevelSequence (512)
[2021.08.29-09.04.27:034][331]LogModuleManager: Shutting down and abandoning module MovieSceneTracks (510)
[2021.08.29-09.04.27:034][331]LogModuleManager: Shutting down and abandoning module MovieScene (508)
[2021.08.29-09.04.27:034][331]LogModuleManager: Shutting down and abandoning module StreamingPauseRendering (506)
[2021.08.29-09.04.27:034][331]LogModuleManager: Shutting down and abandoning module LauncherPlatform (504)
[2021.08.29-09.04.27:034][331]LogModuleManager: Shutting down and abandoning module AnalyticsET (502)
[2021.08.29-09.04.27:034][331]LogModuleManager: Shutting down and abandoning module PortalServices (500)
[2021.08.29-09.04.27:034][331]LogModuleManager: Shutting down and abandoning module PortalRpc (498)
[2021.08.29-09.04.27:034][331]LogModuleManager: Shutting down and abandoning module MessagingRpc (496)
[2021.08.29-09.04.27:034][331]LogModuleManager: Shutting down and abandoning module AIModule (494)
[2021.08.29-09.04.27:034][331]LogModuleManager: Shutting down and abandoning module GameplayDebugger (493)
[2021.08.29-09.04.27:034][331]LogModuleManager: Shutting down and abandoning module AITestSuite (491)
[2021.08.29-09.04.27:034][331]LogModuleManager: Shutting down and abandoning module NavigationSystem (489)
[2021.08.29-09.04.27:034][331]LogModuleManager: Shutting down and abandoning module ImageWriteQueue (486)
[2021.08.29-09.04.27:037][331]LogModuleManager: Shutting down and abandoning module ProfilerService (484)
[2021.08.29-09.04.27:127][331]LogModuleManager: Shutting down and abandoning module TaskGraph (482)
[2021.08.29-09.04.27:127][331]LogModuleManager: Shutting down and abandoning module DatasmithCADTranslator (480)
[2021.08.29-09.04.27:127][331]LogModuleManager: Shutting down and abandoning module DatasmithC4DImporter (478)
[2021.08.29-09.04.27:127][331]LogModuleManager: Shutting down and abandoning module VariantManager (476)
[2021.08.29-09.04.27:127][331]LogModuleManager: Shutting down and abandoning module StaticMeshEditorExtension (474)
[2021.08.29-09.04.27:127][331]LogModuleManager: Shutting down and abandoning module MeshProcessingLibrary (473)
[2021.08.29-09.04.27:127][331]LogModuleManager: Shutting down and abandoning module MDLImporter (470)
[2021.08.29-09.04.27:127][331]LogModuleManager: Shutting down and abandoning module DatasmithCoreTechExtension (468)
[2021.08.29-09.04.27:127][331]LogModuleManager: Shutting down and abandoning module StaticMeshEditor (467)
[2021.08.29-09.04.27:127][331]LogModuleManager: Shutting down and abandoning module AdvancedPreviewScene (466)
[2021.08.29-09.04.27:127][331]LogModuleManager: Shutting down and abandoning module DatasmithOpenNurbsTranslator (462)
[2021.08.29-09.04.27:127][331]LogModuleManager: Shutting down and abandoning module DatasmithNativeTranslator (460)
[2021.08.29-09.04.27:127][331]LogModuleManager: Shutting down and abandoning module DatasmithIFCImporter (458)
[2021.08.29-09.04.27:127][331]LogModuleManager: Shutting down and abandoning module DatasmithGLTFImporter (456)
[2021.08.29-09.04.27:127][331]LogModuleManager: Shutting down and abandoning module DatasmithImporter (455)
[2021.08.29-09.04.27:127][331]LogModuleManager: Shutting down and abandoning module ScreenshotTools (452)
[2021.08.29-09.04.27:127][331]LogModuleManager: Shutting down and abandoning module SteamVRController (450)
[2021.08.29-09.04.27:127][331]LogModuleManager: Shutting down and abandoning module ProceduralMeshComponentEditor (448)
[2021.08.29-09.04.27:127][331]LogModuleManager: Shutting down and abandoning module ProceduralMeshComponent (446)
[2021.08.29-09.04.27:127][331]LogModuleManager: Shutting down and abandoning module OculusEditor (444)
[2021.08.29-09.04.27:127][331]LogModuleManager: Shutting down and abandoning module OculusInput (442)
[2021.08.29-09.04.27:127][331]LogModuleManager: Shutting down and abandoning module MobilePatchingUtils (440)
[2021.08.29-09.04.27:127][331]LogModuleManager: Shutting down and abandoning module EditableMesh (438)
[2021.08.29-09.04.27:127][331]LogModuleManager: Shutting down and abandoning module CustomMeshComponent (436)
[2021.08.29-09.04.27:127][331]LogModuleManager: Shutting down and abandoning module CableComponent (434)
[2021.08.29-09.04.27:127][331]LogModuleManager: Shutting down and abandoning module AudioCapture (432)
[2021.08.29-09.04.27:127][331]LogModuleManager: Shutting down and abandoning module ArchVisCharacter (430)
[2021.08.29-09.04.27:127][331]LogModuleManager: Shutting down and abandoning module AppleImageUtilsBlueprintSupport (428)
[2021.08.29-09.04.27:127][331]LogModuleManager: Shutting down and abandoning module AppleImageUtils (426)
[2021.08.29-09.04.27:127][331]LogModuleManager: Shutting down and abandoning module AndroidPermission (424)
[2021.08.29-09.04.27:127][331]LogModuleManager: Shutting down and abandoning module NUTUnrealEngine4 (422)
[2021.08.29-09.04.27:127][331]LogModuleManager: Shutting down and abandoning module NetcodeUnitTest (420)
[2021.08.29-09.04.27:127][331]LogModuleManager: Shutting down and abandoning module MediaCompositing (418)
[2021.08.29-09.04.27:127][331]LogModuleManager: Shutting down and abandoning module ImgMedia (416)
[2021.08.29-09.04.27:127][331]LogModuleManager: Shutting down and abandoning module MagicLeapHelperVulkan (414)
[2021.08.29-09.04.27:127][331]LogModuleManager: Shutting down and abandoning module MagicLeapHelperOpenGL (412)
[2021.08.29-09.04.27:127][331]LogModuleManager: Shutting down and abandoning module MagicLeapAudio (410)
[2021.08.29-09.04.27:127][331]LogModuleManager: Shutting down and abandoning module HTML5Networking (408)
[2021.08.29-09.04.27:127][331]LogModuleManager: Shutting down and abandoning module GeometryCollectionTracks (406)
[2021.08.29-09.04.27:127][331]LogModuleManager: Shutting down and abandoning module GeometryCollectionSequencer (405)
[2021.08.29-09.04.27:127][331]LogModuleManager: Shutting down and abandoning module GeometryCollectionEditor (402)
[2021.08.29-09.04.27:128][331]LogModuleManager: Shutting down and abandoning module GeometryCollectionExampleCore (400)
[2021.08.29-09.04.27:128][331]LogModuleManager: Shutting down and abandoning module GeometryCacheTracks (398)
[2021.08.29-09.04.27:128][331]LogModuleManager: Shutting down and abandoning module GeometryCacheSequencer (396)
[2021.08.29-09.04.27:128][331]LogModuleManager: Shutting down and abandoning module DataprepLibraries (394)
[2021.08.29-09.04.27:128][331]LogModuleManager: Shutting down and abandoning module DataprepCore (392)
[2021.08.29-09.04.27:128][331]LogModuleManager: Shutting down and abandoning module DataprepEditor (390)
[2021.08.29-09.04.27:128][331]LogModuleManager: Shutting down and abandoning module ChaosSolverEditor (388)
[2021.08.29-09.04.27:128][331]LogModuleManager: Shutting down and abandoning module BlastCore (386)
[2021.08.29-09.04.27:128][331]LogModuleManager: Shutting down and abandoning module BlastAuthoring (384)
[2021.08.29-09.04.27:128][331]LogModuleManager: Shutting down and abandoning module BackChannel (382)
[2021.08.29-09.04.27:128][331]LogModuleManager: Shutting down and abandoning module AutomationUtilsEditor (380)
[2021.08.29-09.04.27:128][331]LogModuleManager: Shutting down and abandoning module AutomationUtils (378)
[2021.08.29-09.04.27:128][331]LogModuleManager: Shutting down and abandoning module AlembicImporter (376)
[2021.08.29-09.04.27:128][331]LogModuleManager: Shutting down and abandoning module AlembicLibrary (375)
[2021.08.29-09.04.27:128][331]LogModuleManager: Shutting down and abandoning module GeometryCache (374)
[2021.08.29-09.04.27:128][331]LogModuleManager: Shutting down and abandoning module GeometryCacheEd (373)
[2021.08.29-09.04.27:128][331]LogModuleManager: Shutting down and abandoning module VariantManagerContent (368)
[2021.08.29-09.04.27:128][331]LogModuleManager: Shutting down and abandoning module DatasmithContentEditor (366)
[2021.08.29-09.04.27:128][331]LogModuleManager: Shutting down and abandoning module SpeedTreeImporter (364)
[2021.08.29-09.04.27:128][331]LogModuleManager: Shutting down and abandoning module PluginBrowser (362)
[2021.08.29-09.04.27:128][331]LogModuleManager: Shutting down and abandoning module MobileLauncherProfileWizard (360)
[2021.08.29-09.04.27:128][331]LogModuleManager: Shutting down and abandoning module PolygonModeling (358)
[2021.08.29-09.04.27:128][331]LogModuleManager: Shutting down and abandoning module MeshEditor (356)
[2021.08.29-09.04.27:128][331]LogModuleManager: Shutting down and abandoning module MaterialAnalyzer (354)
[2021.08.29-09.04.27:128][331]LogModuleManager: Shutting down and abandoning module GLTFImporter (352)
[2021.08.29-09.04.27:128][331]LogModuleManager: Shutting down and abandoning module EditorScriptingUtilities (350)
[2021.08.29-09.04.27:128][331]LogModuleManager: Shutting down and abandoning module CurveEditorTools (348)
[2021.08.29-09.04.27:128][331]LogModuleManager: Shutting down and abandoning module CurveEditor (347)
[2021.08.29-09.04.27:128][331]LogModuleManager: Shutting down and abandoning module CryptoKeysOpenSSL (344)
[2021.08.29-09.04.27:128][331]LogModuleManager: Shutting down and abandoning module CryptoKeys (342)
[2021.08.29-09.04.27:128][331]LogModuleManager: Shutting down and abandoning module VisualStudioSourceCodeAccess (340)
[2021.08.29-09.04.27:128][331]LogModuleManager: Shutting down and abandoning module VisualStudioCodeSourceCodeAccess (338)
[2021.08.29-09.04.27:128][331]LogModuleManager: Shutting down and abandoning module UObjectPlugin (336)
[2021.08.29-09.04.27:128][331]LogModuleManager: Shutting down and abandoning module SubversionSourceControl (334)
[2021.08.29-09.04.27:128][331]LogModuleManager: Shutting down and abandoning module PerforceSourceControl (332)
[2021.08.29-09.04.27:128][331]LogModuleManager: Shutting down and abandoning module GitSourceControl (330)
[2021.08.29-09.04.27:128][331]LogModuleManager: Shutting down and abandoning module SourceControl (329)
[2021.08.29-09.04.27:128][331]LogModuleManager: Shutting down and abandoning module CLionSourceCodeAccess (326)
[2021.08.29-09.04.27:128][331]LogModuleManager: Shutting down and abandoning module AnimationSharingEd (324)
[2021.08.29-09.04.27:128][331]LogModuleManager: Shutting down and abandoning module ActorLayerUtilitiesEditor (322)
[2021.08.29-09.04.27:128][331]LogModuleManager: Shutting down and abandoning module ActorLayerUtilities (320)
[2021.08.29-09.04.27:128][331]LogModuleManager: Shutting down and abandoning module LightPropagationVolumeEditor (318)
[2021.08.29-09.04.27:128][331]LogModuleManager: Shutting down and abandoning module PaperTiledImporter (316)
[2021.08.29-09.04.27:128][331]LogModuleManager: Shutting down and abandoning module PaperSpriteSheetImporter (314)
[2021.08.29-09.04.27:128][331]LogModuleManager: Shutting down and abandoning module Paper2DEditor (312)
[2021.08.29-09.04.27:128][331]LogModuleManager: Shutting down and abandoning module JanghoWorld (310)
[2021.08.29-09.04.27:128][331]LogModuleManager: Shutting down and abandoning module SignificanceManager (308)
[2021.08.29-09.04.27:128][331]LogModuleManager: Shutting down and abandoning module RuntimePhysXCooking (306)
[2021.08.29-09.04.27:128][331]LogModuleManager: Shutting down and abandoning module PhysXVehiclesEditor (304)
[2021.08.29-09.04.27:128][331]LogModuleManager: Shutting down and abandoning module LocationServicesBPLibrary (300)
[2021.08.29-09.04.27:128][331]LogModuleManager: Shutting down and abandoning module ActorSequence (298)
[2021.08.29-09.04.27:128][331]LogModuleManager: Shutting down and abandoning module UdpMessaging (296)
[2021.08.29-09.04.27:229][331]LogModuleManager: Shutting down and abandoning module TcpMessaging (294)
[2021.08.29-09.04.27:737][331]LogModuleManager: Shutting down and abandoning module MagicLeapIdentity (292)
[2021.08.29-09.04.27:737][331]LogModuleManager: Shutting down and abandoning module MagicLeapSecureStorage (290)
[2021.08.29-09.04.27:737][331]LogModuleManager: Shutting down and abandoning module MagicLeapHandTracking (288)
[2021.08.29-09.04.27:737][331]LogModuleManager: Shutting down and abandoning module MagicLeapEyeTracker (286)
[2021.08.29-09.04.27:737][331]LogModuleManager: Shutting down and abandoning module MagicLeapController (284)
[2021.08.29-09.04.27:738][331]LogSlate: Slate User Destroyed.  User Index 0, Is Virtual User: 0
[2021.08.29-09.04.27:738][331]LogModuleManager: Shutting down and abandoning module MagicLeapAR (282)
[2021.08.29-09.04.27:738][331]LogModuleManager: Shutting down and abandoning module AugmentedReality (281)
[2021.08.29-09.04.27:738][331]LogModuleManager: Shutting down and abandoning module GameplayTagsEditor (278)
[2021.08.29-09.04.27:738][331]LogModuleManager: Shutting down and abandoning module FacialAnimationEditor (276)
[2021.08.29-09.04.27:738][331]LogModuleManager: Shutting down and abandoning module FacialAnimation (274)
[2021.08.29-09.04.27:738][331]LogModuleManager: Shutting down and abandoning module DataValidation (272)
[2021.08.29-09.04.27:738][331]LogModuleManager: Shutting down and abandoning module AssetManagerEditor (270)
[2021.08.29-09.04.27:738][331]LogModuleManager: Shutting down and abandoning module LevelEditor (269)
[2021.08.29-09.04.27:738][331]LogModuleManager: Shutting down and abandoning module PixelInspectorModule (268)
[2021.08.29-09.04.27:738][331]LogModuleManager: Shutting down and abandoning module CommonMenuExtensions (266)
[2021.08.29-09.04.27:738][331]LogModuleManager: Shutting down and abandoning module MainFrame (264)
[2021.08.29-09.04.27:738][331]LogModuleManager: Shutting down and abandoning module HotReload (263)
[2021.08.29-09.04.27:739][331]LogModuleManager: Shutting down and abandoning module ContentBrowser (259)
[2021.08.29-09.04.27:740][331]LogModuleManager: Shutting down and abandoning module TreeMap (257)
[2021.08.29-09.04.27:740][331]LogModuleManager: Shutting down and abandoning module AnimationSharing (254)
[2021.08.29-09.04.27:740][331]LogModuleManager: Shutting down and abandoning module LightPropagationVolumeRuntime (252)
[2021.08.29-09.04.27:740][331]LogModuleManager: Shutting down and abandoning module Paper2D (250)
[2021.08.29-09.04.27:740][331]LogModuleManager: Shutting down and abandoning module WindowsMoviePlayer (248)
[2021.08.29-09.04.27:742][331]LogModuleManager: Shutting down and abandoning module WebMMoviePlayer (246)
[2021.08.29-09.04.27:742][331]LogModuleManager: Shutting down and abandoning module NetworkReplayStreaming (244)
[2021.08.29-09.04.27:742][331]LogModuleManager: Shutting down and abandoning module PacketHandler (242)
[2021.08.29-09.04.27:742][331]LogModuleManager: Shutting down and abandoning module ClothingSystemEditor (240)
[2021.08.29-09.04.27:742][331]LogModuleManager: Shutting down and abandoning module ClothingSystemRuntime (238)
[2021.08.29-09.04.27:742][331]LogModuleManager: Shutting down and abandoning module MediaAssets (236)
[2021.08.29-09.04.27:742][331]LogModuleManager: Shutting down and abandoning module Overlay (234)
[2021.08.29-09.04.27:742][331]LogModuleManager: Shutting down and abandoning module OverlayEditor (233)
[2021.08.29-09.04.27:742][331]LogModuleManager: Shutting down and abandoning module VREditor (230)
[2021.08.29-09.04.27:742][331]LogModuleManager: Shutting down and abandoning module StringTableEditor (228)
[2021.08.29-09.04.27:742][331]LogModuleManager: Shutting down and abandoning module GameplayTasksEditor (226)
[2021.08.29-09.04.27:742][331]LogModuleManager: Shutting down and abandoning module BehaviorTreeEditor (224)
[2021.08.29-09.04.27:742][331]LogModuleManager: Shutting down and abandoning module FunctionalTesting (222)
[2021.08.29-09.04.27:742][331]LogModuleManager: Shutting down and abandoning module CollisionAnalyzer (220)
[2021.08.29-09.04.27:742][331]LogModuleManager: Shutting down and abandoning module WorkspaceMenuStructure (219)
[2021.08.29-09.04.27:742][331]LogModuleManager: Shutting down and abandoning module UMG (216)
[2021.08.29-09.04.27:742][331]LogModuleManager: Shutting down and abandoning module UMGEditor (215)
[2021.08.29-09.04.27:742][331]LogModuleManager: Shutting down and abandoning module Sequencer (214)
[2021.08.29-09.04.27:742][331]LogModuleManager: Shutting down and abandoning module MessageLog (211)
[2021.08.29-09.04.27:742][331]LogModuleManager: Shutting down and abandoning module SlateReflector (206)
[2021.08.29-09.04.27:742][331]LogModuleManager: Shutting down and abandoning module Slate (204)
[2021.08.29-09.04.27:742][331]LogModuleManager: Shutting down and abandoning module LandscapeEditorUtilities (202)
[2021.08.29-09.04.27:742][331]LogModuleManager: Shutting down and abandoning module EditorStyle (200)
[2021.08.29-09.04.27:743][331]LogModuleManager: Shutting down and abandoning module UnrealEd (198)
[2021.08.29-09.04.27:743][331]LogModuleManager: Shutting down and abandoning module MRMesh (196)
[2021.08.29-09.04.27:743][331]LogModuleManager: Shutting down and abandoning module SourceCodeAccess (194)
[2021.08.29-09.04.27:743][331]LogModuleManager: Shutting down and abandoning module HeadMountedDisplay (192)
[2021.08.29-09.04.27:743][331]LogModuleManager: Shutting down and abandoning module XAudio2 (190)
[2021.08.29-09.04.27:743][331]LogModuleManager: Shutting down and abandoning module Networking (188)
[2021.08.29-09.04.27:743][331]LogModuleManager: Shutting down and abandoning module Core (186)
[2021.08.29-09.04.27:743][331]LogModuleManager: Shutting down and abandoning module KismetCompiler (184)
[2021.08.29-09.04.27:743][331]LogModuleManager: Shutting down and abandoning module MeshUtilities (182)
[2021.08.29-09.04.27:743][331]LogModuleManager: Shutting down and abandoning module MeshMergeUtilities (181)
[2021.08.29-09.04.27:743][331]LogModuleManager: Shutting down and abandoning module MeshReductionInterface (180)
[2021.08.29-09.04.27:743][331]LogModuleManager: Shutting down and abandoning module SkeletalMeshReduction (179)
[2021.08.29-09.04.27:743][331]LogModuleManager: Shutting down and abandoning module ProxyLODMeshReduction (177)
[2021.08.29-09.04.27:743][331]LogModuleManager: Shutting down and abandoning module QuadricMeshReduction (175)
[2021.08.29-09.04.27:743][331]LogModuleManager: Shutting down and abandoning module MaterialBaking (171)
[2021.08.29-09.04.27:744][331]LogModuleManager: Shutting down and abandoning module NullInstallBundleManager (166)
[2021.08.29-09.04.27:744][331]LogModuleManager: Shutting down and abandoning module DerivedDataCache (164)
[2021.08.29-09.04.28:066][331]LogDerivedDataCache: Shutdown
[2021.08.29-09.04.28:066][331]LogModuleManager: Shutting down and abandoning module XGEController (162)
[2021.08.29-09.04.28:066][331]LogXGEController: Cleaning working directory: C:/Users/나장호/AppData/Local/Temp/UnrealXGEWorkingDir/
[2021.08.29-09.04.28:066][331]LogModuleManager: Shutting down and abandoning module TargetPlatform (160)
[2021.08.29-09.04.28:066][331]LogModuleManager: Shutting down and abandoning module VulkanShaderFormat (159)
[2021.08.29-09.04.28:066][331]LogModuleManager: Shutting down and abandoning module ShaderFormatVectorVM (157)
[2021.08.29-09.04.28:066][331]LogModuleManager: Shutting down and abandoning module ShaderFormatOpenGL (155)
[2021.08.29-09.04.28:066][331]LogModuleManager: Shutting down and abandoning module ShaderFormatD3D (153)
[2021.08.29-09.04.28:066][331]LogModuleManager: Shutting down and abandoning module MetalShaderFormat (151)
[2021.08.29-09.04.28:066][331]LogModuleManager: Shutting down and abandoning module TextureFormatUncompressed (149)
[2021.08.29-09.04.28:066][331]LogModuleManager: Shutting down and abandoning module TextureFormatPVR (147)
[2021.08.29-09.04.28:066][331]LogModuleManager: Shutting down and abandoning module TextureFormatDXT (145)
[2021.08.29-09.04.28:066][331]LogModuleManager: Shutting down and abandoning module TextureFormatIntelISPCTexComp (143)
[2021.08.29-09.04.28:066][331]LogModuleManager: Shutting down and abandoning module TextureFormatASTC (141)
[2021.08.29-09.04.28:066][331]LogModuleManager: Shutting down and abandoning module ImageWrapper (140)
[2021.08.29-09.04.28:066][331]LogModuleManager: Shutting down and abandoning module TextureFormatAndroid (137)
[2021.08.29-09.04.28:066][331]LogModuleManager: Shutting down and abandoning module AudioFormatOpus (135)
[2021.08.29-09.04.28:066][331]LogModuleManager: Shutting down and abandoning module AudioFormatOgg (133)
[2021.08.29-09.04.28:066][331]LogModuleManager: Shutting down and abandoning module AudioFormatADPCM (131)
[2021.08.29-09.04.28:066][331]LogModuleManager: Shutting down and abandoning module LuminTargetPlatform (129)
[2021.08.29-09.04.28:067][331]LogModuleManager: Shutting down and abandoning module LinuxTargetPlatform (127)
[2021.08.29-09.04.28:067][331]LogModuleManager: Shutting down and abandoning module LinuxServerTargetPlatform (125)
[2021.08.29-09.04.28:067][331]LogModuleManager: Shutting down and abandoning module LinuxNoEditorTargetPlatform (123)
[2021.08.29-09.04.28:067][331]LogModuleManager: Shutting down and abandoning module LinuxClientTargetPlatform (121)
[2021.08.29-09.04.28:067][331]LogModuleManager: Shutting down and abandoning module TVOSTargetPlatform (119)
[2021.08.29-09.04.28:067][331]LogModuleManager: Shutting down and abandoning module Messaging (117)
[2021.08.29-09.04.28:067][331]LogModuleManager: Shutting down and abandoning module IOSTargetPlatform (115)
[2021.08.29-09.04.28:068][331]LogModuleManager: Shutting down and abandoning module HTML5TargetPlatform (113)
[2021.08.29-09.04.28:068][331]LogModuleManager: Shutting down and abandoning module AndroidTargetPlatform (111)
[2021.08.29-09.04.28:072][331]LogModuleManager: Shutting down and abandoning module WindowsTargetPlatform (109)
[2021.08.29-09.04.28:072][331]LogModuleManager: Shutting down and abandoning module WindowsServerTargetPlatform (107)
[2021.08.29-09.04.28:072][331]LogModuleManager: Shutting down and abandoning module WindowsNoEditorTargetPlatform (105)
[2021.08.29-09.04.28:072][331]LogModuleManager: Shutting down and abandoning module WindowsClientTargetPlatform (103)
[2021.08.29-09.04.28:072][331]LogModuleManager: Shutting down and abandoning module MacTargetPlatform (101)
[2021.08.29-09.04.28:072][331]LogModuleManager: Shutting down and abandoning module MacServerTargetPlatform (99)
[2021.08.29-09.04.28:072][331]LogModuleManager: Shutting down and abandoning module MacNoEditorTargetPlatform (97)
[2021.08.29-09.04.28:072][331]LogModuleManager: Shutting down and abandoning module MacClientTargetPlatform (95)
[2021.08.29-09.04.28:072][331]LogModuleManager: Shutting down and abandoning module AllDesktopTargetPlatform (93)
[2021.08.29-09.04.28:072][331]LogModuleManager: Shutting down and abandoning module InputCore (90)
[2021.08.29-09.04.28:072][331]LogModuleManager: Shutting down and abandoning module Settings (88)
[2021.08.29-09.04.28:072][331]LogModuleManager: Shutting down and abandoning module DirectoryWatcher (86)
[2021.08.29-09.04.28:072][331]LogModuleManager: Shutting down and abandoning module PhysXCooking (84)
[2021.08.29-09.04.28:072][331]LogModuleManager: Shutting down and abandoning module WindowsPlatformFeatures (82)
[2021.08.29-09.04.28:072][331]LogModuleManager: Shutting down and abandoning module GameplayMediaEncoder (81)
[2021.08.29-09.04.28:072][331]LogModuleManager: Shutting down and abandoning module SteamVR (78)
[2021.08.29-09.04.28:072][331]LogHMD: Freeing OpenVRDLLHandle.
[2021.08.29-09.04.28:072][331]LogModuleManager: Shutting down and abandoning module OculusHMD (76)
[2021.08.29-09.04.28:072][331]LogModuleManager: Shutting down and abandoning module ExampleDeviceProfileSelector (74)
[2021.08.29-09.04.28:072][331]LogModuleManager: Shutting down and abandoning module LauncherChunkInstaller (72)
[2021.08.29-09.04.28:072][331]LogModuleManager: Shutting down and abandoning module OnlineBlueprintSupport (70)
[2021.08.29-09.04.28:072][331]LogModuleManager: Shutting down and abandoning module OnlineSubsystem (66)
[2021.08.29-09.04.28:073][331]LogModuleManager: Shutting down and abandoning module XMPP (61)
[2021.08.29-09.04.28:073][331]LogModuleManager: Shutting down and abandoning module WebSockets (60)
[2021.08.29-09.04.28:076][331]LogModuleManager: Shutting down and abandoning module HTTP (57)
[2021.08.29-09.04.28:076][331]LogHttp: Display: Http module shutting down, but needs to wait on 1 outstanding Http requests:
[2021.08.29-09.04.28:076][331]LogHttp: Display: 	verb=[POST] url=[https://datarouter.ol.epicgames.com/datarouter/api/v1/public/data?SessionID=%7BC4FDEE69-4D3E-C5F4-6FAE-ACBAC84F89C2%7D&AppID=UEEditor.Rocket.Release&AppVersion=4.23.1-9631420%2B%2B%2BUE4%2BRelease-4.23&UserID=fddaa1cc4bd768cabd8140a43e7f1888%7C53a892178625498a9dd7c7202b021c85%7C4e862075-b64f-4ae7-9455-340792e29475&AppEnvironment=datacollector-binary&UploadType=eteventstream] status=Processing
[2021.08.29-09.04.28:105][331]LogModuleManager: Shutting down and abandoning module SSL (56)
[2021.08.29-09.04.28:106][331]LogModuleManager: Shutting down and abandoning module WmfMedia (52)
[2021.08.29-09.04.28:108][331]LogModuleManager: Shutting down and abandoning module Media (51)
[2021.08.29-09.04.28:109][331]LogModuleManager: Shutting down and abandoning module MagicLeap (48)
[2021.08.29-09.04.28:109][331]LogModuleManager: Shutting down and abandoning module DatasmithContent (46)
[2021.08.29-09.04.28:109][331]LogModuleManager: Shutting down and abandoning module AISupportModule (44)
[2021.08.29-09.04.28:109][331]LogModuleManager: Shutting down and abandoning module PlatformCryptoOpenSSL (42)
[2021.08.29-09.04.28:109][331]LogModuleManager: Shutting down and abandoning module PlatformCrypto (40)
[2021.08.29-09.04.28:109][331]LogModuleManager: Shutting down and abandoning module AnimationModifiers (38)
[2021.08.29-09.04.28:109][331]LogModuleManager: Shutting down and abandoning module PropertyEditor (37)
[2021.08.29-09.04.28:109][331]LogModuleManager: Shutting down and abandoning module AudioEditor (34)
[2021.08.29-09.04.28:109][331]LogModuleManager: Shutting down and abandoning module TextureCompressor (32)
[2021.08.29-09.04.28:109][331]LogModuleManager: Shutting down and abandoning module RenderCore (30)
[2021.08.29-09.04.28:109][331]LogModuleManager: Shutting down and abandoning module Landscape (28)
[2021.08.29-09.04.28:109][331]LogModuleManager: Shutting down and abandoning module SlateRHIRenderer (26)
[2021.08.29-09.04.28:111][331]LogModuleManager: Shutting down and abandoning module OpenGLDrv (24)
[2021.08.29-09.04.28:111][331]LogModuleManager: Shutting down and abandoning module D3D11RHI (22)
[2021.08.29-09.04.28:111][331]LogModuleManager: Shutting down and abandoning module AnimGraphRuntime (20)
[2021.08.29-09.04.28:111][331]LogModuleManager: Shutting down and abandoning module Renderer (18)
[2021.08.29-09.04.28:111][331]LogModuleManager: Shutting down and abandoning module Engine (16)
[2021.08.29-09.04.28:111][331]LogModuleManager: Shutting down and abandoning module CoreUObject (14)
[2021.08.29-09.04.28:111][331]LogModuleManager: Shutting down and abandoning module NetworkFile (12)
[2021.08.29-09.04.28:111][331]LogModuleManager: Shutting down and abandoning module CookedIterativeFile (10)
[2021.08.29-09.04.28:111][331]LogModuleManager: Shutting down and abandoning module StreamingFile (8)
[2021.08.29-09.04.28:111][331]LogModuleManager: Shutting down and abandoning module SandboxFile (6)
[2021.08.29-09.04.28:111][331]LogModuleManager: Shutting down and abandoning module PakFile (4)
[2021.08.29-09.04.28:111][331]LogModuleManager: Shutting down and abandoning module RSA (3)
[2021.08.29-09.04.28:111][331]LogD3D11RHI: Shutdown
[2021.08.29-09.04.28:111][331]LogD3D11RHI: CleanupD3DDevice
[2021.08.29-09.04.28:112][331]LogRendererCore: FGlobalDynamicReadBuffer::Cleanup()
[2021.08.29-09.04.28:112][331]LogRendererCore: FGlobalDynamicReadBuffer::Cleanup()
[2021.08.29-09.04.28:112][331]LogRendererCore: FGlobalDynamicReadBuffer::Cleanup()
[2021.08.29-09.04.28:190][331]LogD3D11RHI: ~FD3D11DynamicRHI
[2021.08.29-09.04.28:195][331]LogExit: Exiting.
[2021.08.29-09.04.28:231][331]Log file closed, 08/29/21 18:04:28
